running egg_info
creating ../../build/ros2_arduino_bridge/ros2_arduino_bridge.egg-info
writing ../../build/ros2_arduino_bridge/ros2_arduino_bridge.egg-info/PKG-INFO
writing dependency_links to ../../build/ros2_arduino_bridge/ros2_arduino_bridge.egg-info/dependency_links.txt
writing entry points to ../../build/ros2_arduino_bridge/ros2_arduino_bridge.egg-info/entry_points.txt
writing requirements to ../../build/ros2_arduino_bridge/ros2_arduino_bridge.egg-info/requires.txt
writing top-level names to ../../build/ros2_arduino_bridge/ros2_arduino_bridge.egg-info/top_level.txt
writing manifest file '../../build/ros2_arduino_bridge/ros2_arduino_bridge.egg-info/SOURCES.txt'
reading manifest file '../../build/ros2_arduino_bridge/ros2_arduino_bridge.egg-info/SOURCES.txt'
writing manifest file '../../build/ros2_arduino_bridge/ros2_arduino_bridge.egg-info/SOURCES.txt'
running build
running build_py
creating /home/dark516/Documents/RTK_robot/Frob_gorod/ros2_ws/build/ros2_arduino_bridge/build/lib/ros2_arduino_bridge
copying ros2_arduino_bridge/arduino_bridge.py -> /home/dark516/Documents/RTK_robot/Frob_gorod/ros2_ws/build/ros2_arduino_bridge/build/lib/ros2_arduino_bridge
copying ros2_arduino_bridge/__init__.py -> /home/dark516/Documents/RTK_robot/Frob_gorod/ros2_ws/build/ros2_arduino_bridge/build/lib/ros2_arduino_bridge
copying ros2_arduino_bridge/connection.py -> /home/dark516/Documents/RTK_robot/Frob_gorod/ros2_ws/build/ros2_arduino_bridge/build/lib/ros2_arduino_bridge
running install
running install_lib
creating /home/dark516/Documents/RTK_robot/Frob_gorod/ros2_ws/install/ros2_arduino_bridge/lib/python3.12/site-packages/ros2_arduino_bridge
copying /home/dark516/Documents/RTK_robot/Frob_gorod/ros2_ws/build/ros2_arduino_bridge/build/lib/ros2_arduino_bridge/arduino_bridge.py -> /home/dark516/Documents/RTK_robot/Frob_gorod/ros2_ws/install/ros2_arduino_bridge/lib/python3.12/site-packages/ros2_arduino_bridge
copying /home/dark516/Documents/RTK_robot/Frob_gorod/ros2_ws/build/ros2_arduino_bridge/build/lib/ros2_arduino_bridge/__init__.py -> /home/dark516/Documents/RTK_robot/Frob_gorod/ros2_ws/install/ros2_arduino_bridge/lib/python3.12/site-packages/ros2_arduino_bridge
copying /home/dark516/Documents/RTK_robot/Frob_gorod/ros2_ws/build/ros2_arduino_bridge/build/lib/ros2_arduino_bridge/connection.py -> /home/dark516/Documents/RTK_robot/Frob_gorod/ros2_ws/install/ros2_arduino_bridge/lib/python3.12/site-packages/ros2_arduino_bridge
byte-compiling /home/dark516/Documents/RTK_robot/Frob_gorod/ros2_ws/install/ros2_arduino_bridge/lib/python3.12/site-packages/ros2_arduino_bridge/arduino_bridge.py to arduino_bridge.cpython-312.pyc
byte-compiling /home/dark516/Documents/RTK_robot/Frob_gorod/ros2_ws/install/ros2_arduino_bridge/lib/python3.12/site-packages/ros2_arduino_bridge/__init__.py to __init__.cpython-312.pyc
byte-compiling /home/dark516/Documents/RTK_robot/Frob_gorod/ros2_ws/install/ros2_arduino_bridge/lib/python3.12/site-packages/ros2_arduino_bridge/connection.py to connection.cpython-312.pyc
running install_data
creating /home/dark516/Documents/RTK_robot/Frob_gorod/ros2_ws/install/ros2_arduino_bridge/share/ament_index/resource_index/packages
copying resource/ros2_arduino_bridge -> /home/dark516/Documents/RTK_robot/Frob_gorod/ros2_ws/install/ros2_arduino_bridge/share/ament_index/resource_index/packages
copying package.xml -> /home/dark516/Documents/RTK_robot/Frob_gorod/ros2_ws/install/ros2_arduino_bridge/share/ros2_arduino_bridge
running install_egg_info
Copying ../../build/ros2_arduino_bridge/ros2_arduino_bridge.egg-info to /home/dark516/Documents/RTK_robot/Frob_gorod/ros2_ws/install/ros2_arduino_bridge/lib/python3.12/site-packages/ros2_arduino_bridge-0.0.0-py3.12.egg-info
running install_scripts
Installing arduino_bridge script to /home/dark516/Documents/RTK_robot/Frob_gorod/ros2_ws/install/ros2_arduino_bridge/lib/ros2_arduino_bridge
writing list of installed files to '/home/dark516/Documents/RTK_robot/Frob_gorod/ros2_ws/build/ros2_arduino_bridge/install.log'
