running egg_info
creating ../../build/ros2_image_saver/ros2_image_saver.egg-info
writing ../../build/ros2_image_saver/ros2_image_saver.egg-info/PKG-INFO
writing dependency_links to ../../build/ros2_image_saver/ros2_image_saver.egg-info/dependency_links.txt
writing entry points to ../../build/ros2_image_saver/ros2_image_saver.egg-info/entry_points.txt
writing requirements to ../../build/ros2_image_saver/ros2_image_saver.egg-info/requires.txt
writing top-level names to ../../build/ros2_image_saver/ros2_image_saver.egg-info/top_level.txt
writing manifest file '../../build/ros2_image_saver/ros2_image_saver.egg-info/SOURCES.txt'
reading manifest file '../../build/ros2_image_saver/ros2_image_saver.egg-info/SOURCES.txt'
adding license file 'LICENSE'
writing manifest file '../../build/ros2_image_saver/ros2_image_saver.egg-info/SOURCES.txt'
running build
running build_py
creating /home/dark516/Documents/RTK_robot/Frob_gorod/ros2_ws/build/ros2_image_saver/build/lib/ros2_image_saver
copying ros2_image_saver/__init__.py -> /home/dark516/Documents/RTK_robot/Frob_gorod/ros2_ws/build/ros2_image_saver/build/lib/ros2_image_saver
copying ros2_image_saver/image_saver.py -> /home/dark516/Documents/RTK_robot/Frob_gorod/ros2_ws/build/ros2_image_saver/build/lib/ros2_image_saver
running install
running install_lib
creating /home/dark516/Documents/RTK_robot/Frob_gorod/ros2_ws/install/ros2_image_saver/lib/python3.12/site-packages/ros2_image_saver
copying /home/dark516/Documents/RTK_robot/Frob_gorod/ros2_ws/build/ros2_image_saver/build/lib/ros2_image_saver/__init__.py -> /home/dark516/Documents/RTK_robot/Frob_gorod/ros2_ws/install/ros2_image_saver/lib/python3.12/site-packages/ros2_image_saver
copying /home/dark516/Documents/RTK_robot/Frob_gorod/ros2_ws/build/ros2_image_saver/build/lib/ros2_image_saver/image_saver.py -> /home/dark516/Documents/RTK_robot/Frob_gorod/ros2_ws/install/ros2_image_saver/lib/python3.12/site-packages/ros2_image_saver
byte-compiling /home/dark516/Documents/RTK_robot/Frob_gorod/ros2_ws/install/ros2_image_saver/lib/python3.12/site-packages/ros2_image_saver/__init__.py to __init__.cpython-312.pyc
byte-compiling /home/dark516/Documents/RTK_robot/Frob_gorod/ros2_ws/install/ros2_image_saver/lib/python3.12/site-packages/ros2_image_saver/image_saver.py to image_saver.cpython-312.pyc
running install_data
creating /home/dark516/Documents/RTK_robot/Frob_gorod/ros2_ws/install/ros2_image_saver/share/ament_index/resource_index/packages
copying resource/ros2_image_saver -> /home/dark516/Documents/RTK_robot/Frob_gorod/ros2_ws/install/ros2_image_saver/share/ament_index/resource_index/packages
copying package.xml -> /home/dark516/Documents/RTK_robot/Frob_gorod/ros2_ws/install/ros2_image_saver/share/ros2_image_saver
running install_egg_info
Copying ../../build/ros2_image_saver/ros2_image_saver.egg-info to /home/dark516/Documents/RTK_robot/Frob_gorod/ros2_ws/install/ros2_image_saver/lib/python3.12/site-packages/ros2_image_saver-1.0.0-py3.12.egg-info
running install_scripts
Installing image_saver script to /home/dark516/Documents/RTK_robot/Frob_gorod/ros2_ws/install/ros2_image_saver/lib/ros2_image_saver
writing list of installed files to '/home/dark516/Documents/RTK_robot/Frob_gorod/ros2_ws/build/ros2_image_saver/install.log'
