running egg_info
creating ../../build/image_processor/image_processor.egg-info
writing ../../build/image_processor/image_processor.egg-info/PKG-INFO
writing dependency_links to ../../build/image_processor/image_processor.egg-info/dependency_links.txt
writing entry points to ../../build/image_processor/image_processor.egg-info/entry_points.txt
writing requirements to ../../build/image_processor/image_processor.egg-info/requires.txt
writing top-level names to ../../build/image_processor/image_processor.egg-info/top_level.txt
writing manifest file '../../build/image_processor/image_processor.egg-info/SOURCES.txt'
reading manifest file '../../build/image_processor/image_processor.egg-info/SOURCES.txt'
writing manifest file '../../build/image_processor/image_processor.egg-info/SOURCES.txt'
running build
running build_py
creating /home/dark516/Documents/RTK_robot/Frob_gorod/ros2_ws/build/image_processor/build/lib/image_processor
copying image_processor/__init__.py -> /home/dark516/Documents/RTK_robot/Frob_gorod/ros2_ws/build/image_processor/build/lib/image_processor
copying image_processor/image_processor.py -> /home/dark516/Documents/RTK_robot/Frob_gorod/ros2_ws/build/image_processor/build/lib/image_processor
running install
running install_lib
creating /home/dark516/Documents/RTK_robot/Frob_gorod/ros2_ws/install/image_processor/lib/python3.12/site-packages/image_processor
copying /home/dark516/Documents/RTK_robot/Frob_gorod/ros2_ws/build/image_processor/build/lib/image_processor/__init__.py -> /home/dark516/Documents/RTK_robot/Frob_gorod/ros2_ws/install/image_processor/lib/python3.12/site-packages/image_processor
copying /home/dark516/Documents/RTK_robot/Frob_gorod/ros2_ws/build/image_processor/build/lib/image_processor/image_processor.py -> /home/dark516/Documents/RTK_robot/Frob_gorod/ros2_ws/install/image_processor/lib/python3.12/site-packages/image_processor
byte-compiling /home/dark516/Documents/RTK_robot/Frob_gorod/ros2_ws/install/image_processor/lib/python3.12/site-packages/image_processor/__init__.py to __init__.cpython-312.pyc
byte-compiling /home/dark516/Documents/RTK_robot/Frob_gorod/ros2_ws/install/image_processor/lib/python3.12/site-packages/image_processor/image_processor.py to image_processor.cpython-312.pyc
running install_egg_info
Copying ../../build/image_processor/image_processor.egg-info to /home/dark516/Documents/RTK_robot/Frob_gorod/ros2_ws/install/image_processor/lib/python3.12/site-packages/image_processor-0.0.0-py3.12.egg-info
running install_scripts
Installing image_processor script to /home/dark516/Documents/RTK_robot/Frob_gorod/ros2_ws/install/image_processor/lib/image_processor
writing list of installed files to '/home/dark516/Documents/RTK_robot/Frob_gorod/ros2_ws/build/image_processor/install.log'
