[0.066s] DEBUG:colcon:Command line arguments: ['/usr/bin/colcon', 'build']
[0.066s] DEBUG:colcon:Parsed command line arguments: Namespace(log_base=None, log_level=None, verb_name='build', build_base='build', install_base='install', merge_install=False, symlink_install=False, test_result_base=None, continue_on_error=False, executor='parallel', parallel_workers=16, event_handlers=None, ignore_user_meta=False, metas=['./colcon.meta'], base_paths=['.'], packages_ignore=None, packages_ignore_regex=None, paths=None, packages_up_to=None, packages_up_to_regex=None, packages_above=None, packages_above_and_dependencies=None, packages_above_depth=None, packages_select_by_dep=None, packages_skip_by_dep=None, packages_skip_up_to=None, packages_select_build_failed=False, packages_skip_build_finished=False, packages_select_test_failures=False, packages_skip_test_passed=False, packages_select=None, packages_skip=None, packages_select_regex=None, packages_skip_regex=None, packages_start=None, packages_end=None, allow_overriding=[], cmake_args=None, cmake_target=None, cmake_target_skip_unavailable=False, cmake_clean_cache=False, cmake_clean_first=False, cmake_force_configure=False, ament_cmake_args=None, catkin_cmake_args=None, catkin_skip_building_tests=False, mixin_files=None, mixin=None, verb_parser=<colcon_mixin.mixin.mixin_argument.MixinArgumentDecorator object at 0x76de6659f080>, verb_extension=<colcon_core.verb.build.BuildVerb object at 0x76de6659c830>, main=<bound method BuildVerb.main of <colcon_core.verb.build.BuildVerb object at 0x76de6659c830>>, mixin_verb=('build',))
[0.091s] Level 1:colcon.colcon_core.package_discovery:discover_packages(colcon_meta) check parameters
[0.091s] Level 1:colcon.colcon_core.package_discovery:discover_packages(recursive) check parameters
[0.091s] Level 1:colcon.colcon_core.package_discovery:discover_packages(ignore) check parameters
[0.091s] Level 1:colcon.colcon_core.package_discovery:discover_packages(path) check parameters
[0.091s] Level 1:colcon.colcon_core.package_discovery:discover_packages(colcon_meta) discover
[0.092s] Level 1:colcon.colcon_core.package_discovery:discover_packages(recursive) discover
[0.092s] INFO:colcon.colcon_core.package_discovery:Crawling recursively for packages in '/home/dark516/Documents/RTK_robot/Frob_gorod/ros2_ws'
[0.092s] Level 1:colcon.colcon_core.package_identification:_identify(.) by extensions ['ignore', 'ignore_ament_install']
[0.092s] Level 1:colcon.colcon_core.package_identification:_identify(.) by extension 'ignore'
[0.092s] Level 1:colcon.colcon_core.package_identification:_identify(.) by extension 'ignore_ament_install'
[0.092s] Level 1:colcon.colcon_core.package_identification:_identify(.) by extensions ['colcon_pkg']
[0.092s] Level 1:colcon.colcon_core.package_identification:_identify(.) by extension 'colcon_pkg'
[0.092s] Level 1:colcon.colcon_core.package_identification:_identify(.) by extensions ['colcon_meta']
[0.092s] Level 1:colcon.colcon_core.package_identification:_identify(.) by extension 'colcon_meta'
[0.092s] Level 1:colcon.colcon_core.package_identification:_identify(.) by extensions ['ros']
[0.092s] Level 1:colcon.colcon_core.package_identification:_identify(.) by extension 'ros'
[0.107s] Level 1:colcon.colcon_core.package_identification:_identify(.) by extensions ['cmake', 'python']
[0.107s] Level 1:colcon.colcon_core.package_identification:_identify(.) by extension 'cmake'
[0.107s] Level 1:colcon.colcon_core.package_identification:_identify(.) by extension 'python'
[0.107s] Level 1:colcon.colcon_core.package_identification:_identify(.) by extensions ['python_setup_py']
[0.107s] Level 1:colcon.colcon_core.package_identification:_identify(.) by extension 'python_setup_py'
[0.107s] Level 1:colcon.colcon_core.package_identification:_identify(build) by extensions ['ignore', 'ignore_ament_install']
[0.108s] Level 1:colcon.colcon_core.package_identification:_identify(build) by extension 'ignore'
[0.108s] Level 1:colcon.colcon_core.package_identification:_identify(build) ignored
[0.108s] Level 1:colcon.colcon_core.package_identification:_identify(install) by extensions ['ignore', 'ignore_ament_install']
[0.108s] Level 1:colcon.colcon_core.package_identification:_identify(install) by extension 'ignore'
[0.108s] Level 1:colcon.colcon_core.package_identification:_identify(install) ignored
[0.108s] Level 1:colcon.colcon_core.package_identification:_identify(log) by extensions ['ignore', 'ignore_ament_install']
[0.108s] Level 1:colcon.colcon_core.package_identification:_identify(log) by extension 'ignore'
[0.108s] Level 1:colcon.colcon_core.package_identification:_identify(log) ignored
[0.108s] Level 1:colcon.colcon_core.package_identification:_identify(src) by extensions ['ignore', 'ignore_ament_install']
[0.108s] Level 1:colcon.colcon_core.package_identification:_identify(src) by extension 'ignore'
[0.108s] Level 1:colcon.colcon_core.package_identification:_identify(src) by extension 'ignore_ament_install'
[0.108s] Level 1:colcon.colcon_core.package_identification:_identify(src) by extensions ['colcon_pkg']
[0.108s] Level 1:colcon.colcon_core.package_identification:_identify(src) by extension 'colcon_pkg'
[0.108s] Level 1:colcon.colcon_core.package_identification:_identify(src) by extensions ['colcon_meta']
[0.108s] Level 1:colcon.colcon_core.package_identification:_identify(src) by extension 'colcon_meta'
[0.108s] Level 1:colcon.colcon_core.package_identification:_identify(src) by extensions ['ros']
[0.108s] Level 1:colcon.colcon_core.package_identification:_identify(src) by extension 'ros'
[0.108s] Level 1:colcon.colcon_core.package_identification:_identify(src) by extensions ['cmake', 'python']
[0.108s] Level 1:colcon.colcon_core.package_identification:_identify(src) by extension 'cmake'
[0.108s] Level 1:colcon.colcon_core.package_identification:_identify(src) by extension 'python'
[0.108s] Level 1:colcon.colcon_core.package_identification:_identify(src) by extensions ['python_setup_py']
[0.108s] Level 1:colcon.colcon_core.package_identification:_identify(src) by extension 'python_setup_py'
[0.108s] Level 1:colcon.colcon_core.package_identification:_identify(src/frob_interfaces) by extensions ['ignore', 'ignore_ament_install']
[0.108s] Level 1:colcon.colcon_core.package_identification:_identify(src/frob_interfaces) by extension 'ignore'
[0.108s] Level 1:colcon.colcon_core.package_identification:_identify(src/frob_interfaces) by extension 'ignore_ament_install'
[0.108s] Level 1:colcon.colcon_core.package_identification:_identify(src/frob_interfaces) by extensions ['colcon_pkg']
[0.108s] Level 1:colcon.colcon_core.package_identification:_identify(src/frob_interfaces) by extension 'colcon_pkg'
[0.108s] Level 1:colcon.colcon_core.package_identification:_identify(src/frob_interfaces) by extensions ['colcon_meta']
[0.108s] Level 1:colcon.colcon_core.package_identification:_identify(src/frob_interfaces) by extension 'colcon_meta'
[0.108s] Level 1:colcon.colcon_core.package_identification:_identify(src/frob_interfaces) by extensions ['ros']
[0.108s] Level 1:colcon.colcon_core.package_identification:_identify(src/frob_interfaces) by extension 'ros'
[0.110s] DEBUG:colcon.colcon_core.package_identification:Package 'src/frob_interfaces' with type 'ros.ament_cmake' and name 'frob_interfaces'
[0.110s] Level 1:colcon.colcon_core.package_identification:_identify(src/gorod_main_pkg) by extensions ['ignore', 'ignore_ament_install']
[0.110s] Level 1:colcon.colcon_core.package_identification:_identify(src/gorod_main_pkg) by extension 'ignore'
[0.110s] Level 1:colcon.colcon_core.package_identification:_identify(src/gorod_main_pkg) by extension 'ignore_ament_install'
[0.110s] Level 1:colcon.colcon_core.package_identification:_identify(src/gorod_main_pkg) by extensions ['colcon_pkg']
[0.110s] Level 1:colcon.colcon_core.package_identification:_identify(src/gorod_main_pkg) by extension 'colcon_pkg'
[0.110s] Level 1:colcon.colcon_core.package_identification:_identify(src/gorod_main_pkg) by extensions ['colcon_meta']
[0.110s] Level 1:colcon.colcon_core.package_identification:_identify(src/gorod_main_pkg) by extension 'colcon_meta'
[0.110s] Level 1:colcon.colcon_core.package_identification:_identify(src/gorod_main_pkg) by extensions ['ros']
[0.110s] Level 1:colcon.colcon_core.package_identification:_identify(src/gorod_main_pkg) by extension 'ros'
[0.110s] DEBUG:colcon.colcon_core.package_identification:Package 'src/gorod_main_pkg' with type 'ros.ament_cmake' and name 'gorod_main_pkg'
[0.110s] Level 1:colcon.colcon_core.package_identification:_identify(src/image_processor) by extensions ['ignore', 'ignore_ament_install']
[0.110s] Level 1:colcon.colcon_core.package_identification:_identify(src/image_processor) by extension 'ignore'
[0.110s] Level 1:colcon.colcon_core.package_identification:_identify(src/image_processor) by extension 'ignore_ament_install'
[0.110s] Level 1:colcon.colcon_core.package_identification:_identify(src/image_processor) by extensions ['colcon_pkg']
[0.110s] Level 1:colcon.colcon_core.package_identification:_identify(src/image_processor) by extension 'colcon_pkg'
[0.110s] Level 1:colcon.colcon_core.package_identification:_identify(src/image_processor) by extensions ['colcon_meta']
[0.110s] Level 1:colcon.colcon_core.package_identification:_identify(src/image_processor) by extension 'colcon_meta'
[0.110s] Level 1:colcon.colcon_core.package_identification:_identify(src/image_processor) by extensions ['ros']
[0.110s] Level 1:colcon.colcon_core.package_identification:_identify(src/image_processor) by extension 'ros'
[0.111s] DEBUG:colcon.colcon_core.package_identification:Package 'src/image_processor' with type 'ros.ament_python' and name 'image_processor'
[0.111s] Level 1:colcon.colcon_core.package_identification:_identify(src/ros2_arduino_bridge) by extensions ['ignore', 'ignore_ament_install']
[0.111s] Level 1:colcon.colcon_core.package_identification:_identify(src/ros2_arduino_bridge) by extension 'ignore'
[0.111s] Level 1:colcon.colcon_core.package_identification:_identify(src/ros2_arduino_bridge) by extension 'ignore_ament_install'
[0.111s] Level 1:colcon.colcon_core.package_identification:_identify(src/ros2_arduino_bridge) by extensions ['colcon_pkg']
[0.111s] Level 1:colcon.colcon_core.package_identification:_identify(src/ros2_arduino_bridge) by extension 'colcon_pkg'
[0.111s] Level 1:colcon.colcon_core.package_identification:_identify(src/ros2_arduino_bridge) by extensions ['colcon_meta']
[0.111s] Level 1:colcon.colcon_core.package_identification:_identify(src/ros2_arduino_bridge) by extension 'colcon_meta'
[0.111s] Level 1:colcon.colcon_core.package_identification:_identify(src/ros2_arduino_bridge) by extensions ['ros']
[0.111s] Level 1:colcon.colcon_core.package_identification:_identify(src/ros2_arduino_bridge) by extension 'ros'
[0.111s] DEBUG:colcon.colcon_core.package_identification:Package 'src/ros2_arduino_bridge' with type 'ros.ament_python' and name 'ros2_arduino_bridge'
[0.111s] Level 1:colcon.colcon_core.package_identification:_identify(src/ros2_image_saver) by extensions ['ignore', 'ignore_ament_install']
[0.111s] Level 1:colcon.colcon_core.package_identification:_identify(src/ros2_image_saver) by extension 'ignore'
[0.111s] Level 1:colcon.colcon_core.package_identification:_identify(src/ros2_image_saver) by extension 'ignore_ament_install'
[0.111s] Level 1:colcon.colcon_core.package_identification:_identify(src/ros2_image_saver) by extensions ['colcon_pkg']
[0.111s] Level 1:colcon.colcon_core.package_identification:_identify(src/ros2_image_saver) by extension 'colcon_pkg'
[0.111s] Level 1:colcon.colcon_core.package_identification:_identify(src/ros2_image_saver) by extensions ['colcon_meta']
[0.111s] Level 1:colcon.colcon_core.package_identification:_identify(src/ros2_image_saver) by extension 'colcon_meta'
[0.112s] Level 1:colcon.colcon_core.package_identification:_identify(src/ros2_image_saver) by extensions ['ros']
[0.112s] Level 1:colcon.colcon_core.package_identification:_identify(src/ros2_image_saver) by extension 'ros'
[0.112s] DEBUG:colcon.colcon_core.package_identification:Package 'src/ros2_image_saver' with type 'ros.ament_python' and name 'ros2_image_saver'
[0.112s] Level 1:colcon.colcon_core.package_identification:_identify(src/ydlidar_ros2_driver) by extensions ['ignore', 'ignore_ament_install']
[0.112s] Level 1:colcon.colcon_core.package_identification:_identify(src/ydlidar_ros2_driver) by extension 'ignore'
[0.112s] Level 1:colcon.colcon_core.package_identification:_identify(src/ydlidar_ros2_driver) by extension 'ignore_ament_install'
[0.112s] Level 1:colcon.colcon_core.package_identification:_identify(src/ydlidar_ros2_driver) by extensions ['colcon_pkg']
[0.112s] Level 1:colcon.colcon_core.package_identification:_identify(src/ydlidar_ros2_driver) by extension 'colcon_pkg'
[0.112s] Level 1:colcon.colcon_core.package_identification:_identify(src/ydlidar_ros2_driver) by extensions ['colcon_meta']
[0.112s] Level 1:colcon.colcon_core.package_identification:_identify(src/ydlidar_ros2_driver) by extension 'colcon_meta'
[0.112s] Level 1:colcon.colcon_core.package_identification:_identify(src/ydlidar_ros2_driver) by extensions ['ros']
[0.112s] Level 1:colcon.colcon_core.package_identification:_identify(src/ydlidar_ros2_driver) by extension 'ros'
[0.112s] DEBUG:colcon.colcon_core.package_identification:Package 'src/ydlidar_ros2_driver' with type 'ros.ament_cmake' and name 'ydlidar_ros2_driver'
[0.112s] Level 1:colcon.colcon_core.package_discovery:discover_packages(recursive) using defaults
[0.112s] Level 1:colcon.colcon_core.package_discovery:discover_packages(ignore) discover
[0.112s] Level 1:colcon.colcon_core.package_discovery:discover_packages(ignore) using defaults
[0.112s] Level 1:colcon.colcon_core.package_discovery:discover_packages(path) discover
[0.112s] Level 1:colcon.colcon_core.package_discovery:discover_packages(path) using defaults
[0.123s] Level 1:colcon.colcon_core.package_discovery:discover_packages(prefix_path) check parameters
[0.123s] Level 1:colcon.colcon_core.package_discovery:discover_packages(prefix_path) discover
[0.123s] WARNING:colcon.colcon_ros.prefix_path.ament:The path '/home/dark516/Documents/RTK_robot/Frob_gorod/ros2_ws/install/ydlidar_ros2_driver' in the environment variable AMENT_PREFIX_PATH doesn't exist
[0.123s] WARNING:colcon.colcon_ros.prefix_path.ament:The path '/home/dark516/Documents/RTK_robot/Frob_gorod/ros2_ws/install/ros2_image_saver' in the environment variable AMENT_PREFIX_PATH doesn't exist
[0.124s] WARNING:colcon.colcon_ros.prefix_path.ament:The path '/home/dark516/Documents/RTK_robot/Frob_gorod/ros2_ws/install/gorod_main_pkg' in the environment variable AMENT_PREFIX_PATH doesn't exist
[0.124s] WARNING:colcon.colcon_ros.prefix_path.ament:The path '/home/dark516/Documents/RTK_robot/Frob_gorod/ros2_ws/install/ros2_arduino_bridge' in the environment variable AMENT_PREFIX_PATH doesn't exist
[0.124s] WARNING:colcon.colcon_ros.prefix_path.ament:The path '/home/dark516/Documents/RTK_robot/Frob_gorod/ros2_ws/install/image_processor' in the environment variable AMENT_PREFIX_PATH doesn't exist
[0.124s] WARNING:colcon.colcon_ros.prefix_path.ament:The path '/home/dark516/Documents/RTK_robot/Frob_gorod/ros2_ws/install/frob_interfaces' in the environment variable AMENT_PREFIX_PATH doesn't exist
[0.124s] WARNING:colcon.colcon_ros.prefix_path.catkin:The path '/home/dark516/Documents/RTK_robot/Frob_gorod/ros2_ws/install/ydlidar_ros2_driver' in the environment variable CMAKE_PREFIX_PATH doesn't exist
[0.124s] WARNING:colcon.colcon_ros.prefix_path.catkin:The path '/home/dark516/Documents/RTK_robot/Frob_gorod/ros2_ws/install/gorod_main_pkg' in the environment variable CMAKE_PREFIX_PATH doesn't exist
[0.124s] WARNING:colcon.colcon_ros.prefix_path.catkin:The path '/home/dark516/Documents/RTK_robot/Frob_gorod/ros2_ws/install/frob_interfaces' in the environment variable CMAKE_PREFIX_PATH doesn't exist
[0.124s] DEBUG:colcon.colcon_installed_package_information.package_discovery:Found 0 installed packages in /home/dark516/Documents/RTK_robot/Frob_gorod/ros2_ws/install
[0.125s] DEBUG:colcon.colcon_installed_package_information.package_discovery:Found 408 installed packages in /opt/ros/jazzy
[0.129s] Level 1:colcon.colcon_core.package_discovery:discover_packages(prefix_path) using defaults
[0.164s] Level 5:colcon.colcon_core.verb:set package 'frob_interfaces' build argument 'cmake_args' from command line to 'None'
[0.164s] Level 5:colcon.colcon_core.verb:set package 'frob_interfaces' build argument 'cmake_target' from command line to 'None'
[0.164s] Level 5:colcon.colcon_core.verb:set package 'frob_interfaces' build argument 'cmake_target_skip_unavailable' from command line to 'False'
[0.164s] Level 5:colcon.colcon_core.verb:set package 'frob_interfaces' build argument 'cmake_clean_cache' from command line to 'False'
[0.164s] Level 5:colcon.colcon_core.verb:set package 'frob_interfaces' build argument 'cmake_clean_first' from command line to 'False'
[0.164s] Level 5:colcon.colcon_core.verb:set package 'frob_interfaces' build argument 'cmake_force_configure' from command line to 'False'
[0.164s] Level 5:colcon.colcon_core.verb:set package 'frob_interfaces' build argument 'ament_cmake_args' from command line to 'None'
[0.164s] Level 5:colcon.colcon_core.verb:set package 'frob_interfaces' build argument 'catkin_cmake_args' from command line to 'None'
[0.164s] Level 5:colcon.colcon_core.verb:set package 'frob_interfaces' build argument 'catkin_skip_building_tests' from command line to 'False'
[0.164s] DEBUG:colcon.colcon_core.verb:Building package 'frob_interfaces' with the following arguments: {'ament_cmake_args': None, 'build_base': '/home/dark516/Documents/RTK_robot/Frob_gorod/ros2_ws/build/frob_interfaces', 'catkin_cmake_args': None, 'catkin_skip_building_tests': False, 'cmake_args': None, 'cmake_clean_cache': False, 'cmake_clean_first': False, 'cmake_force_configure': False, 'cmake_target': None, 'cmake_target_skip_unavailable': False, 'install_base': '/home/dark516/Documents/RTK_robot/Frob_gorod/ros2_ws/install/frob_interfaces', 'merge_install': False, 'path': '/home/dark516/Documents/RTK_robot/Frob_gorod/ros2_ws/src/frob_interfaces', 'symlink_install': False, 'test_result_base': None}
[0.164s] Level 5:colcon.colcon_core.verb:set package 'image_processor' build argument 'cmake_args' from command line to 'None'
[0.164s] Level 5:colcon.colcon_core.verb:set package 'image_processor' build argument 'cmake_target' from command line to 'None'
[0.164s] Level 5:colcon.colcon_core.verb:set package 'image_processor' build argument 'cmake_target_skip_unavailable' from command line to 'False'
[0.164s] Level 5:colcon.colcon_core.verb:set package 'image_processor' build argument 'cmake_clean_cache' from command line to 'False'
[0.164s] Level 5:colcon.colcon_core.verb:set package 'image_processor' build argument 'cmake_clean_first' from command line to 'False'
[0.164s] Level 5:colcon.colcon_core.verb:set package 'image_processor' build argument 'cmake_force_configure' from command line to 'False'
[0.164s] Level 5:colcon.colcon_core.verb:set package 'image_processor' build argument 'ament_cmake_args' from command line to 'None'
[0.164s] Level 5:colcon.colcon_core.verb:set package 'image_processor' build argument 'catkin_cmake_args' from command line to 'None'
[0.164s] Level 5:colcon.colcon_core.verb:set package 'image_processor' build argument 'catkin_skip_building_tests' from command line to 'False'
[0.164s] DEBUG:colcon.colcon_core.verb:Building package 'image_processor' with the following arguments: {'ament_cmake_args': None, 'build_base': '/home/dark516/Documents/RTK_robot/Frob_gorod/ros2_ws/build/image_processor', 'catkin_cmake_args': None, 'catkin_skip_building_tests': False, 'cmake_args': None, 'cmake_clean_cache': False, 'cmake_clean_first': False, 'cmake_force_configure': False, 'cmake_target': None, 'cmake_target_skip_unavailable': False, 'install_base': '/home/dark516/Documents/RTK_robot/Frob_gorod/ros2_ws/install/image_processor', 'merge_install': False, 'path': '/home/dark516/Documents/RTK_robot/Frob_gorod/ros2_ws/src/image_processor', 'symlink_install': False, 'test_result_base': None}
[0.164s] Level 5:colcon.colcon_core.verb:set package 'ros2_image_saver' build argument 'cmake_args' from command line to 'None'
[0.164s] Level 5:colcon.colcon_core.verb:set package 'ros2_image_saver' build argument 'cmake_target' from command line to 'None'
[0.164s] Level 5:colcon.colcon_core.verb:set package 'ros2_image_saver' build argument 'cmake_target_skip_unavailable' from command line to 'False'
[0.164s] Level 5:colcon.colcon_core.verb:set package 'ros2_image_saver' build argument 'cmake_clean_cache' from command line to 'False'
[0.164s] Level 5:colcon.colcon_core.verb:set package 'ros2_image_saver' build argument 'cmake_clean_first' from command line to 'False'
[0.164s] Level 5:colcon.colcon_core.verb:set package 'ros2_image_saver' build argument 'cmake_force_configure' from command line to 'False'
[0.164s] Level 5:colcon.colcon_core.verb:set package 'ros2_image_saver' build argument 'ament_cmake_args' from command line to 'None'
[0.164s] Level 5:colcon.colcon_core.verb:set package 'ros2_image_saver' build argument 'catkin_cmake_args' from command line to 'None'
[0.164s] Level 5:colcon.colcon_core.verb:set package 'ros2_image_saver' build argument 'catkin_skip_building_tests' from command line to 'False'
[0.164s] DEBUG:colcon.colcon_core.verb:Building package 'ros2_image_saver' with the following arguments: {'ament_cmake_args': None, 'build_base': '/home/dark516/Documents/RTK_robot/Frob_gorod/ros2_ws/build/ros2_image_saver', 'catkin_cmake_args': None, 'catkin_skip_building_tests': False, 'cmake_args': None, 'cmake_clean_cache': False, 'cmake_clean_first': False, 'cmake_force_configure': False, 'cmake_target': None, 'cmake_target_skip_unavailable': False, 'install_base': '/home/dark516/Documents/RTK_robot/Frob_gorod/ros2_ws/install/ros2_image_saver', 'merge_install': False, 'path': '/home/dark516/Documents/RTK_robot/Frob_gorod/ros2_ws/src/ros2_image_saver', 'symlink_install': False, 'test_result_base': None}
[0.165s] Level 5:colcon.colcon_core.verb:set package 'ydlidar_ros2_driver' build argument 'cmake_args' from command line to 'None'
[0.165s] Level 5:colcon.colcon_core.verb:set package 'ydlidar_ros2_driver' build argument 'cmake_target' from command line to 'None'
[0.165s] Level 5:colcon.colcon_core.verb:set package 'ydlidar_ros2_driver' build argument 'cmake_target_skip_unavailable' from command line to 'False'
[0.165s] Level 5:colcon.colcon_core.verb:set package 'ydlidar_ros2_driver' build argument 'cmake_clean_cache' from command line to 'False'
[0.165s] Level 5:colcon.colcon_core.verb:set package 'ydlidar_ros2_driver' build argument 'cmake_clean_first' from command line to 'False'
[0.165s] Level 5:colcon.colcon_core.verb:set package 'ydlidar_ros2_driver' build argument 'cmake_force_configure' from command line to 'False'
[0.165s] Level 5:colcon.colcon_core.verb:set package 'ydlidar_ros2_driver' build argument 'ament_cmake_args' from command line to 'None'
[0.165s] Level 5:colcon.colcon_core.verb:set package 'ydlidar_ros2_driver' build argument 'catkin_cmake_args' from command line to 'None'
[0.165s] Level 5:colcon.colcon_core.verb:set package 'ydlidar_ros2_driver' build argument 'catkin_skip_building_tests' from command line to 'False'
[0.165s] DEBUG:colcon.colcon_core.verb:Building package 'ydlidar_ros2_driver' with the following arguments: {'ament_cmake_args': None, 'build_base': '/home/dark516/Documents/RTK_robot/Frob_gorod/ros2_ws/build/ydlidar_ros2_driver', 'catkin_cmake_args': None, 'catkin_skip_building_tests': False, 'cmake_args': None, 'cmake_clean_cache': False, 'cmake_clean_first': False, 'cmake_force_configure': False, 'cmake_target': None, 'cmake_target_skip_unavailable': False, 'install_base': '/home/dark516/Documents/RTK_robot/Frob_gorod/ros2_ws/install/ydlidar_ros2_driver', 'merge_install': False, 'path': '/home/dark516/Documents/RTK_robot/Frob_gorod/ros2_ws/src/ydlidar_ros2_driver', 'symlink_install': False, 'test_result_base': None}
[0.165s] Level 5:colcon.colcon_core.verb:set package 'ros2_arduino_bridge' build argument 'cmake_args' from command line to 'None'
[0.165s] Level 5:colcon.colcon_core.verb:set package 'ros2_arduino_bridge' build argument 'cmake_target' from command line to 'None'
[0.165s] Level 5:colcon.colcon_core.verb:set package 'ros2_arduino_bridge' build argument 'cmake_target_skip_unavailable' from command line to 'False'
[0.165s] Level 5:colcon.colcon_core.verb:set package 'ros2_arduino_bridge' build argument 'cmake_clean_cache' from command line to 'False'
[0.165s] Level 5:colcon.colcon_core.verb:set package 'ros2_arduino_bridge' build argument 'cmake_clean_first' from command line to 'False'
[0.165s] Level 5:colcon.colcon_core.verb:set package 'ros2_arduino_bridge' build argument 'cmake_force_configure' from command line to 'False'
[0.165s] Level 5:colcon.colcon_core.verb:set package 'ros2_arduino_bridge' build argument 'ament_cmake_args' from command line to 'None'
[0.165s] Level 5:colcon.colcon_core.verb:set package 'ros2_arduino_bridge' build argument 'catkin_cmake_args' from command line to 'None'
[0.165s] Level 5:colcon.colcon_core.verb:set package 'ros2_arduino_bridge' build argument 'catkin_skip_building_tests' from command line to 'False'
[0.165s] DEBUG:colcon.colcon_core.verb:Building package 'ros2_arduino_bridge' with the following arguments: {'ament_cmake_args': None, 'build_base': '/home/dark516/Documents/RTK_robot/Frob_gorod/ros2_ws/build/ros2_arduino_bridge', 'catkin_cmake_args': None, 'catkin_skip_building_tests': False, 'cmake_args': None, 'cmake_clean_cache': False, 'cmake_clean_first': False, 'cmake_force_configure': False, 'cmake_target': None, 'cmake_target_skip_unavailable': False, 'install_base': '/home/dark516/Documents/RTK_robot/Frob_gorod/ros2_ws/install/ros2_arduino_bridge', 'merge_install': False, 'path': '/home/dark516/Documents/RTK_robot/Frob_gorod/ros2_ws/src/ros2_arduino_bridge', 'symlink_install': False, 'test_result_base': None}
[0.165s] Level 5:colcon.colcon_core.verb:set package 'gorod_main_pkg' build argument 'cmake_args' from command line to 'None'
[0.165s] Level 5:colcon.colcon_core.verb:set package 'gorod_main_pkg' build argument 'cmake_target' from command line to 'None'
[0.165s] Level 5:colcon.colcon_core.verb:set package 'gorod_main_pkg' build argument 'cmake_target_skip_unavailable' from command line to 'False'
[0.165s] Level 5:colcon.colcon_core.verb:set package 'gorod_main_pkg' build argument 'cmake_clean_cache' from command line to 'False'
[0.165s] Level 5:colcon.colcon_core.verb:set package 'gorod_main_pkg' build argument 'cmake_clean_first' from command line to 'False'
[0.165s] Level 5:colcon.colcon_core.verb:set package 'gorod_main_pkg' build argument 'cmake_force_configure' from command line to 'False'
[0.165s] Level 5:colcon.colcon_core.verb:set package 'gorod_main_pkg' build argument 'ament_cmake_args' from command line to 'None'
[0.165s] Level 5:colcon.colcon_core.verb:set package 'gorod_main_pkg' build argument 'catkin_cmake_args' from command line to 'None'
[0.165s] Level 5:colcon.colcon_core.verb:set package 'gorod_main_pkg' build argument 'catkin_skip_building_tests' from command line to 'False'
[0.165s] DEBUG:colcon.colcon_core.verb:Building package 'gorod_main_pkg' with the following arguments: {'ament_cmake_args': None, 'build_base': '/home/dark516/Documents/RTK_robot/Frob_gorod/ros2_ws/build/gorod_main_pkg', 'catkin_cmake_args': None, 'catkin_skip_building_tests': False, 'cmake_args': None, 'cmake_clean_cache': False, 'cmake_clean_first': False, 'cmake_force_configure': False, 'cmake_target': None, 'cmake_target_skip_unavailable': False, 'install_base': '/home/dark516/Documents/RTK_robot/Frob_gorod/ros2_ws/install/gorod_main_pkg', 'merge_install': False, 'path': '/home/dark516/Documents/RTK_robot/Frob_gorod/ros2_ws/src/gorod_main_pkg', 'symlink_install': False, 'test_result_base': None}
[0.165s] INFO:colcon.colcon_core.executor:Executing jobs using 'parallel' executor
[0.166s] DEBUG:colcon.colcon_parallel_executor.executor.parallel:run_until_complete
[0.167s] INFO:colcon.colcon_ros.task.ament_cmake.build:Building ROS package in '/home/dark516/Documents/RTK_robot/Frob_gorod/ros2_ws/src/frob_interfaces' with build type 'ament_cmake'
[0.167s] INFO:colcon.colcon_cmake.task.cmake.build:Building CMake package in '/home/dark516/Documents/RTK_robot/Frob_gorod/ros2_ws/src/frob_interfaces'
[0.168s] INFO:colcon.colcon_core.plugin_system:Skipping extension 'colcon_core.shell.bat': Not used on non-Windows systems
[0.168s] INFO:colcon.colcon_core.shell:Skip shell extension 'powershell' for command environment: Not usable outside of PowerShell
[0.168s] DEBUG:colcon.colcon_core.shell:Skip shell extension 'dsv' for command environment
[0.174s] INFO:colcon.colcon_ros.task.ament_python.build:Building ROS package in '/home/dark516/Documents/RTK_robot/Frob_gorod/ros2_ws/src/image_processor' with build type 'ament_python'
[0.174s] Level 1:colcon.colcon_core.shell:create_environment_hook('image_processor', 'ament_prefix_path')
[0.174s] INFO:colcon.colcon_core.shell:Creating environment hook '/home/dark516/Documents/RTK_robot/Frob_gorod/ros2_ws/install/image_processor/share/image_processor/hook/ament_prefix_path.ps1'
[0.175s] INFO:colcon.colcon_core.shell:Creating environment descriptor '/home/dark516/Documents/RTK_robot/Frob_gorod/ros2_ws/install/image_processor/share/image_processor/hook/ament_prefix_path.dsv'
[0.176s] INFO:colcon.colcon_core.shell:Creating environment hook '/home/dark516/Documents/RTK_robot/Frob_gorod/ros2_ws/install/image_processor/share/image_processor/hook/ament_prefix_path.sh'
[0.176s] INFO:colcon.colcon_core.shell:Skip shell extension 'powershell' for command environment: Not usable outside of PowerShell
[0.176s] DEBUG:colcon.colcon_core.shell:Skip shell extension 'dsv' for command environment
[0.179s] INFO:colcon.colcon_ros.task.ament_python.build:Building ROS package in '/home/dark516/Documents/RTK_robot/Frob_gorod/ros2_ws/src/ros2_image_saver' with build type 'ament_python'
[0.179s] Level 1:colcon.colcon_core.shell:create_environment_hook('ros2_image_saver', 'ament_prefix_path')
[0.180s] INFO:colcon.colcon_core.shell:Creating environment hook '/home/dark516/Documents/RTK_robot/Frob_gorod/ros2_ws/install/ros2_image_saver/share/ros2_image_saver/hook/ament_prefix_path.ps1'
[0.180s] INFO:colcon.colcon_core.shell:Creating environment descriptor '/home/dark516/Documents/RTK_robot/Frob_gorod/ros2_ws/install/ros2_image_saver/share/ros2_image_saver/hook/ament_prefix_path.dsv'
[0.180s] INFO:colcon.colcon_core.shell:Creating environment hook '/home/dark516/Documents/RTK_robot/Frob_gorod/ros2_ws/install/ros2_image_saver/share/ros2_image_saver/hook/ament_prefix_path.sh'
[0.181s] INFO:colcon.colcon_core.shell:Skip shell extension 'powershell' for command environment: Not usable outside of PowerShell
[0.181s] DEBUG:colcon.colcon_core.shell:Skip shell extension 'dsv' for command environment
[0.185s] INFO:colcon.colcon_ros.task.ament_cmake.build:Building ROS package in '/home/dark516/Documents/RTK_robot/Frob_gorod/ros2_ws/src/ydlidar_ros2_driver' with build type 'ament_cmake'
[0.185s] INFO:colcon.colcon_cmake.task.cmake.build:Building CMake package in '/home/dark516/Documents/RTK_robot/Frob_gorod/ros2_ws/src/ydlidar_ros2_driver'
[0.185s] INFO:colcon.colcon_core.shell:Skip shell extension 'powershell' for command environment: Not usable outside of PowerShell
[0.185s] DEBUG:colcon.colcon_core.shell:Skip shell extension 'dsv' for command environment
[0.201s] DEBUG:colcon.colcon_core.event_handler.log_command:Invoking command in '/home/dark516/Documents/RTK_robot/Frob_gorod/ros2_ws/build/frob_interfaces': CMAKE_PREFIX_PATH=${CMAKE_PREFIX_PATH}:/home/dark516/Documents/RTK_robot/Frob_gorod/ros2_ws/install/ros2_image_saver:/home/dark516/Documents/RTK_robot/Frob_gorod/ros2_ws/install/ros2_arduino_bridge:/home/dark516/Documents/RTK_robot/Frob_gorod/ros2_ws/install/image_processor:/opt/ros/jazzy DEBUGINFOD_URLS=https://debuginfod.ubuntu.com /usr/bin/cmake /home/dark516/Documents/RTK_robot/Frob_gorod/ros2_ws/src/frob_interfaces -DCMAKE_INSTALL_PREFIX=/home/dark516/Documents/RTK_robot/Frob_gorod/ros2_ws/install/frob_interfaces
[0.421s] WARNING:colcon.colcon_ros.task.ament_python.build:Package 'image_processor' doesn't explicitly install a marker in the package index (colcon-ros currently does it implicitly but that fallback will be removed in the future)
[0.421s] WARNING:colcon.colcon_ros.task.ament_python.build:Package 'image_processor' doesn't explicitly install the 'package.xml' file (colcon-ros currently does it implicitly but that fallback will be removed in the future)
[0.422s] INFO:colcon.colcon_core.task.python.build:Building Python package in '/home/dark516/Documents/RTK_robot/Frob_gorod/ros2_ws/src/image_processor'
[0.422s] INFO:colcon.colcon_core.shell:Skip shell extension 'powershell' for command environment: Not usable outside of PowerShell
[0.422s] DEBUG:colcon.colcon_core.shell:Skip shell extension 'dsv' for command environment
[0.630s] INFO:colcon.colcon_core.task.python.build:Building Python package in '/home/dark516/Documents/RTK_robot/Frob_gorod/ros2_ws/src/ros2_image_saver'
[0.630s] INFO:colcon.colcon_core.shell:Skip shell extension 'powershell' for command environment: Not usable outside of PowerShell
[0.630s] DEBUG:colcon.colcon_core.shell:Skip shell extension 'dsv' for command environment
[0.637s] DEBUG:colcon.colcon_core.event_handler.log_command:Invoking command in '/home/dark516/Documents/RTK_robot/Frob_gorod/ros2_ws/build/ydlidar_ros2_driver': CMAKE_PREFIX_PATH=${CMAKE_PREFIX_PATH}:/home/dark516/Documents/RTK_robot/Frob_gorod/ros2_ws/install/ros2_image_saver:/home/dark516/Documents/RTK_robot/Frob_gorod/ros2_ws/install/ros2_arduino_bridge:/home/dark516/Documents/RTK_robot/Frob_gorod/ros2_ws/install/image_processor:/opt/ros/jazzy DEBUGINFOD_URLS=https://debuginfod.ubuntu.com /usr/bin/cmake /home/dark516/Documents/RTK_robot/Frob_gorod/ros2_ws/src/ydlidar_ros2_driver -DCMAKE_INSTALL_PREFIX=/home/dark516/Documents/RTK_robot/Frob_gorod/ros2_ws/install/ydlidar_ros2_driver
[1.222s] DEBUG:colcon.colcon_core.event_handler.log_command:Invoking command in '/home/dark516/Documents/RTK_robot/Frob_gorod/ros2_ws/src/image_processor': DEBUGINFOD_URLS=https://debuginfod.ubuntu.com PYTHONPATH=/home/dark516/Documents/RTK_robot/Frob_gorod/ros2_ws/build/image_processor/prefix_override:/usr/lib/python3/dist-packages/colcon_core/task/python/colcon_distutils_commands:/home/dark516/Documents/RTK_robot/Frob_gorod/ros2_ws/install/image_processor/lib/python3.12/site-packages:${PYTHONPATH} /usr/bin/python3 -W ignore:setup.py install is deprecated setup.py egg_info --egg-base ../../build/image_processor build --build-base /home/dark516/Documents/RTK_robot/Frob_gorod/ros2_ws/build/image_processor/build install --record /home/dark516/Documents/RTK_robot/Frob_gorod/ros2_ws/build/image_processor/install.log --single-version-externally-managed install_data
[1.253s] DEBUG:colcon.colcon_core.event_handler.log_command:Invoking command in '/home/dark516/Documents/RTK_robot/Frob_gorod/ros2_ws/src/ros2_image_saver': DEBUGINFOD_URLS=https://debuginfod.ubuntu.com PYTHONPATH=/home/dark516/Documents/RTK_robot/Frob_gorod/ros2_ws/build/ros2_image_saver/prefix_override:/usr/lib/python3/dist-packages/colcon_core/task/python/colcon_distutils_commands:/home/dark516/Documents/RTK_robot/Frob_gorod/ros2_ws/install/ros2_image_saver/lib/python3.12/site-packages:${PYTHONPATH} /usr/bin/python3 -W ignore:setup.py install is deprecated setup.py egg_info --egg-base ../../build/ros2_image_saver build --build-base /home/dark516/Documents/RTK_robot/Frob_gorod/ros2_ws/build/ros2_image_saver/build install --record /home/dark516/Documents/RTK_robot/Frob_gorod/ros2_ws/build/ros2_image_saver/install.log --single-version-externally-managed install_data
[1.755s] DEBUG:colcon.colcon_core.event_handler.log_command:Invoked command in '/home/dark516/Documents/RTK_robot/Frob_gorod/ros2_ws/src/image_processor' returned '0': DEBUGINFOD_URLS=https://debuginfod.ubuntu.com PYTHONPATH=/home/dark516/Documents/RTK_robot/Frob_gorod/ros2_ws/build/image_processor/prefix_override:/usr/lib/python3/dist-packages/colcon_core/task/python/colcon_distutils_commands:/home/dark516/Documents/RTK_robot/Frob_gorod/ros2_ws/install/image_processor/lib/python3.12/site-packages:${PYTHONPATH} /usr/bin/python3 -W ignore:setup.py install is deprecated setup.py egg_info --egg-base ../../build/image_processor build --build-base /home/dark516/Documents/RTK_robot/Frob_gorod/ros2_ws/build/image_processor/build install --record /home/dark516/Documents/RTK_robot/Frob_gorod/ros2_ws/build/image_processor/install.log --single-version-externally-managed install_data
[1.757s] Level 1:colcon.colcon_core.environment:checking '/home/dark516/Documents/RTK_robot/Frob_gorod/ros2_ws/install/image_processor' for CMake module files
[1.757s] Level 1:colcon.colcon_core.environment:checking '/home/dark516/Documents/RTK_robot/Frob_gorod/ros2_ws/install/image_processor' for CMake config files
[1.758s] Level 1:colcon.colcon_core.environment:checking '/home/dark516/Documents/RTK_robot/Frob_gorod/ros2_ws/install/image_processor/lib'
[1.758s] Level 1:colcon.colcon_core.environment:checking '/home/dark516/Documents/RTK_robot/Frob_gorod/ros2_ws/install/image_processor/bin'
[1.758s] Level 1:colcon.colcon_core.environment:checking '/home/dark516/Documents/RTK_robot/Frob_gorod/ros2_ws/install/image_processor/lib/pkgconfig/image_processor.pc'
[1.758s] Level 1:colcon.colcon_core.environment:checking '/home/dark516/Documents/RTK_robot/Frob_gorod/ros2_ws/install/image_processor/lib/python3.12/site-packages'
[1.758s] Level 1:colcon.colcon_core.shell:create_environment_hook('image_processor', 'pythonpath')
[1.758s] INFO:colcon.colcon_core.shell:Creating environment hook '/home/dark516/Documents/RTK_robot/Frob_gorod/ros2_ws/install/image_processor/share/image_processor/hook/pythonpath.ps1'
[1.759s] INFO:colcon.colcon_core.shell:Creating environment descriptor '/home/dark516/Documents/RTK_robot/Frob_gorod/ros2_ws/install/image_processor/share/image_processor/hook/pythonpath.dsv'
[1.759s] INFO:colcon.colcon_core.shell:Creating environment hook '/home/dark516/Documents/RTK_robot/Frob_gorod/ros2_ws/install/image_processor/share/image_processor/hook/pythonpath.sh'
[1.759s] Level 1:colcon.colcon_core.environment:checking '/home/dark516/Documents/RTK_robot/Frob_gorod/ros2_ws/install/image_processor/bin'
[1.759s] Level 1:colcon.colcon_core.environment:create_environment_scripts_only(image_processor)
[1.759s] INFO:colcon.colcon_core.shell:Creating package script '/home/dark516/Documents/RTK_robot/Frob_gorod/ros2_ws/install/image_processor/share/image_processor/package.ps1'
[1.760s] INFO:colcon.colcon_core.shell:Creating package descriptor '/home/dark516/Documents/RTK_robot/Frob_gorod/ros2_ws/install/image_processor/share/image_processor/package.dsv'
[1.760s] INFO:colcon.colcon_core.shell:Creating package script '/home/dark516/Documents/RTK_robot/Frob_gorod/ros2_ws/install/image_processor/share/image_processor/package.sh'
[1.760s] INFO:colcon.colcon_core.shell:Creating package script '/home/dark516/Documents/RTK_robot/Frob_gorod/ros2_ws/install/image_processor/share/image_processor/package.bash'
[1.760s] INFO:colcon.colcon_core.shell:Creating package script '/home/dark516/Documents/RTK_robot/Frob_gorod/ros2_ws/install/image_processor/share/image_processor/package.zsh'
[1.761s] Level 1:colcon.colcon_core.environment:create_file_with_runtime_dependencies(/home/dark516/Documents/RTK_robot/Frob_gorod/ros2_ws/install/image_processor/share/colcon-core/packages/image_processor)
[1.762s] Level 1:colcon.colcon_core.environment:checking '/home/dark516/Documents/RTK_robot/Frob_gorod/ros2_ws/install/ros2_image_saver' for CMake module files
[1.763s] DEBUG:colcon.colcon_core.event_handler.log_command:Invoked command in '/home/dark516/Documents/RTK_robot/Frob_gorod/ros2_ws/src/ros2_image_saver' returned '0': DEBUGINFOD_URLS=https://debuginfod.ubuntu.com PYTHONPATH=/home/dark516/Documents/RTK_robot/Frob_gorod/ros2_ws/build/ros2_image_saver/prefix_override:/usr/lib/python3/dist-packages/colcon_core/task/python/colcon_distutils_commands:/home/dark516/Documents/RTK_robot/Frob_gorod/ros2_ws/install/ros2_image_saver/lib/python3.12/site-packages:${PYTHONPATH} /usr/bin/python3 -W ignore:setup.py install is deprecated setup.py egg_info --egg-base ../../build/ros2_image_saver build --build-base /home/dark516/Documents/RTK_robot/Frob_gorod/ros2_ws/build/ros2_image_saver/build install --record /home/dark516/Documents/RTK_robot/Frob_gorod/ros2_ws/build/ros2_image_saver/install.log --single-version-externally-managed install_data
[1.764s] Level 1:colcon.colcon_core.environment:checking '/home/dark516/Documents/RTK_robot/Frob_gorod/ros2_ws/install/ros2_image_saver' for CMake config files
[1.766s] Level 1:colcon.colcon_core.environment:checking '/home/dark516/Documents/RTK_robot/Frob_gorod/ros2_ws/install/ros2_image_saver/lib'
[1.766s] Level 1:colcon.colcon_core.environment:checking '/home/dark516/Documents/RTK_robot/Frob_gorod/ros2_ws/install/ros2_image_saver/bin'
[1.766s] Level 1:colcon.colcon_core.environment:checking '/home/dark516/Documents/RTK_robot/Frob_gorod/ros2_ws/install/ros2_image_saver/lib/pkgconfig/ros2_image_saver.pc'
[1.767s] Level 1:colcon.colcon_core.environment:checking '/home/dark516/Documents/RTK_robot/Frob_gorod/ros2_ws/install/ros2_image_saver/lib/python3.12/site-packages'
[1.767s] Level 1:colcon.colcon_core.shell:create_environment_hook('ros2_image_saver', 'pythonpath')
[1.767s] INFO:colcon.colcon_core.shell:Creating environment hook '/home/dark516/Documents/RTK_robot/Frob_gorod/ros2_ws/install/ros2_image_saver/share/ros2_image_saver/hook/pythonpath.ps1'
[1.768s] INFO:colcon.colcon_core.shell:Creating environment descriptor '/home/dark516/Documents/RTK_robot/Frob_gorod/ros2_ws/install/ros2_image_saver/share/ros2_image_saver/hook/pythonpath.dsv'
[1.768s] INFO:colcon.colcon_core.shell:Creating environment hook '/home/dark516/Documents/RTK_robot/Frob_gorod/ros2_ws/install/ros2_image_saver/share/ros2_image_saver/hook/pythonpath.sh'
[1.768s] Level 1:colcon.colcon_core.environment:checking '/home/dark516/Documents/RTK_robot/Frob_gorod/ros2_ws/install/ros2_image_saver/bin'
[1.769s] Level 1:colcon.colcon_core.environment:create_environment_scripts_only(ros2_image_saver)
[1.769s] INFO:colcon.colcon_core.shell:Creating package script '/home/dark516/Documents/RTK_robot/Frob_gorod/ros2_ws/install/ros2_image_saver/share/ros2_image_saver/package.ps1'
[1.769s] INFO:colcon.colcon_core.shell:Creating package descriptor '/home/dark516/Documents/RTK_robot/Frob_gorod/ros2_ws/install/ros2_image_saver/share/ros2_image_saver/package.dsv'
[1.770s] INFO:colcon.colcon_core.shell:Creating package script '/home/dark516/Documents/RTK_robot/Frob_gorod/ros2_ws/install/ros2_image_saver/share/ros2_image_saver/package.sh'
[1.770s] INFO:colcon.colcon_core.shell:Creating package script '/home/dark516/Documents/RTK_robot/Frob_gorod/ros2_ws/install/ros2_image_saver/share/ros2_image_saver/package.bash'
[1.770s] INFO:colcon.colcon_core.shell:Creating package script '/home/dark516/Documents/RTK_robot/Frob_gorod/ros2_ws/install/ros2_image_saver/share/ros2_image_saver/package.zsh'
[1.770s] Level 1:colcon.colcon_core.environment:create_file_with_runtime_dependencies(/home/dark516/Documents/RTK_robot/Frob_gorod/ros2_ws/install/ros2_image_saver/share/colcon-core/packages/ros2_image_saver)
[2.018s] DEBUG:colcon.colcon_core.event_handler.log_command:Invoked command in '/home/dark516/Documents/RTK_robot/Frob_gorod/ros2_ws/build/ydlidar_ros2_driver' returned '0': CMAKE_PREFIX_PATH=${CMAKE_PREFIX_PATH}:/home/dark516/Documents/RTK_robot/Frob_gorod/ros2_ws/install/ros2_image_saver:/home/dark516/Documents/RTK_robot/Frob_gorod/ros2_ws/install/ros2_arduino_bridge:/home/dark516/Documents/RTK_robot/Frob_gorod/ros2_ws/install/image_processor:/opt/ros/jazzy DEBUGINFOD_URLS=https://debuginfod.ubuntu.com /usr/bin/cmake /home/dark516/Documents/RTK_robot/Frob_gorod/ros2_ws/src/ydlidar_ros2_driver -DCMAKE_INSTALL_PREFIX=/home/dark516/Documents/RTK_robot/Frob_gorod/ros2_ws/install/ydlidar_ros2_driver
[2.020s] DEBUG:colcon.colcon_core.event_handler.log_command:Invoking command in '/home/dark516/Documents/RTK_robot/Frob_gorod/ros2_ws/build/ydlidar_ros2_driver': CMAKE_PREFIX_PATH=${CMAKE_PREFIX_PATH}:/home/dark516/Documents/RTK_robot/Frob_gorod/ros2_ws/install/ros2_image_saver:/home/dark516/Documents/RTK_robot/Frob_gorod/ros2_ws/install/ros2_arduino_bridge:/home/dark516/Documents/RTK_robot/Frob_gorod/ros2_ws/install/image_processor:/opt/ros/jazzy DEBUGINFOD_URLS=https://debuginfod.ubuntu.com /usr/bin/cmake --build /home/dark516/Documents/RTK_robot/Frob_gorod/ros2_ws/build/ydlidar_ros2_driver -- -j16 -l16
[3.356s] DEBUG:colcon.colcon_core.event_handler.log_command:Invoked command in '/home/dark516/Documents/RTK_robot/Frob_gorod/ros2_ws/build/frob_interfaces' returned '0': CMAKE_PREFIX_PATH=${CMAKE_PREFIX_PATH}:/home/dark516/Documents/RTK_robot/Frob_gorod/ros2_ws/install/ros2_image_saver:/home/dark516/Documents/RTK_robot/Frob_gorod/ros2_ws/install/ros2_arduino_bridge:/home/dark516/Documents/RTK_robot/Frob_gorod/ros2_ws/install/image_processor:/opt/ros/jazzy DEBUGINFOD_URLS=https://debuginfod.ubuntu.com /usr/bin/cmake /home/dark516/Documents/RTK_robot/Frob_gorod/ros2_ws/src/frob_interfaces -DCMAKE_INSTALL_PREFIX=/home/dark516/Documents/RTK_robot/Frob_gorod/ros2_ws/install/frob_interfaces
[3.357s] DEBUG:colcon.colcon_core.event_handler.log_command:Invoking command in '/home/dark516/Documents/RTK_robot/Frob_gorod/ros2_ws/build/frob_interfaces': CMAKE_PREFIX_PATH=${CMAKE_PREFIX_PATH}:/home/dark516/Documents/RTK_robot/Frob_gorod/ros2_ws/install/ros2_image_saver:/home/dark516/Documents/RTK_robot/Frob_gorod/ros2_ws/install/ros2_arduino_bridge:/home/dark516/Documents/RTK_robot/Frob_gorod/ros2_ws/install/image_processor:/opt/ros/jazzy DEBUGINFOD_URLS=https://debuginfod.ubuntu.com /usr/bin/cmake --build /home/dark516/Documents/RTK_robot/Frob_gorod/ros2_ws/build/frob_interfaces -- -j16 -l16
[5.410s] DEBUG:colcon.colcon_core.event_handler.log_command:Invoked command in '/home/dark516/Documents/RTK_robot/Frob_gorod/ros2_ws/build/frob_interfaces' returned '0': CMAKE_PREFIX_PATH=${CMAKE_PREFIX_PATH}:/home/dark516/Documents/RTK_robot/Frob_gorod/ros2_ws/install/ros2_image_saver:/home/dark516/Documents/RTK_robot/Frob_gorod/ros2_ws/install/ros2_arduino_bridge:/home/dark516/Documents/RTK_robot/Frob_gorod/ros2_ws/install/image_processor:/opt/ros/jazzy DEBUGINFOD_URLS=https://debuginfod.ubuntu.com /usr/bin/cmake --build /home/dark516/Documents/RTK_robot/Frob_gorod/ros2_ws/build/frob_interfaces -- -j16 -l16
[5.550s] DEBUG:colcon.colcon_core.event_handler.log_command:Invoking command in '/home/dark516/Documents/RTK_robot/Frob_gorod/ros2_ws/build/frob_interfaces': CMAKE_PREFIX_PATH=${CMAKE_PREFIX_PATH}:/home/dark516/Documents/RTK_robot/Frob_gorod/ros2_ws/install/ros2_image_saver:/home/dark516/Documents/RTK_robot/Frob_gorod/ros2_ws/install/ros2_arduino_bridge:/home/dark516/Documents/RTK_robot/Frob_gorod/ros2_ws/install/image_processor:/opt/ros/jazzy DEBUGINFOD_URLS=https://debuginfod.ubuntu.com /usr/bin/cmake --install /home/dark516/Documents/RTK_robot/Frob_gorod/ros2_ws/build/frob_interfaces
[5.618s] Level 1:colcon.colcon_core.environment:create_environment_scripts_only(frob_interfaces)
[5.618s] Level 1:colcon.colcon_core.environment:checking '/home/dark516/Documents/RTK_robot/Frob_gorod/ros2_ws/install/frob_interfaces' for CMake module files
[5.619s] DEBUG:colcon.colcon_core.event_handler.log_command:Invoked command in '/home/dark516/Documents/RTK_robot/Frob_gorod/ros2_ws/build/frob_interfaces' returned '0': CMAKE_PREFIX_PATH=${CMAKE_PREFIX_PATH}:/home/dark516/Documents/RTK_robot/Frob_gorod/ros2_ws/install/ros2_image_saver:/home/dark516/Documents/RTK_robot/Frob_gorod/ros2_ws/install/ros2_arduino_bridge:/home/dark516/Documents/RTK_robot/Frob_gorod/ros2_ws/install/image_processor:/opt/ros/jazzy DEBUGINFOD_URLS=https://debuginfod.ubuntu.com /usr/bin/cmake --install /home/dark516/Documents/RTK_robot/Frob_gorod/ros2_ws/build/frob_interfaces
[5.619s] Level 1:colcon.colcon_core.environment:checking '/home/dark516/Documents/RTK_robot/Frob_gorod/ros2_ws/install/frob_interfaces' for CMake config files
[5.619s] Level 1:colcon.colcon_core.shell:create_environment_hook('frob_interfaces', 'cmake_prefix_path')
[5.619s] INFO:colcon.colcon_core.shell:Creating environment hook '/home/dark516/Documents/RTK_robot/Frob_gorod/ros2_ws/install/frob_interfaces/share/frob_interfaces/hook/cmake_prefix_path.ps1'
[5.620s] INFO:colcon.colcon_core.shell:Creating environment descriptor '/home/dark516/Documents/RTK_robot/Frob_gorod/ros2_ws/install/frob_interfaces/share/frob_interfaces/hook/cmake_prefix_path.dsv'
[5.620s] INFO:colcon.colcon_core.shell:Creating environment hook '/home/dark516/Documents/RTK_robot/Frob_gorod/ros2_ws/install/frob_interfaces/share/frob_interfaces/hook/cmake_prefix_path.sh'
[5.620s] Level 1:colcon.colcon_core.environment:checking '/home/dark516/Documents/RTK_robot/Frob_gorod/ros2_ws/install/frob_interfaces/lib'
[5.620s] Level 1:colcon.colcon_core.shell:create_environment_hook('frob_interfaces', 'ld_library_path_lib')
[5.620s] INFO:colcon.colcon_core.shell:Creating environment hook '/home/dark516/Documents/RTK_robot/Frob_gorod/ros2_ws/install/frob_interfaces/share/frob_interfaces/hook/ld_library_path_lib.ps1'
[5.620s] INFO:colcon.colcon_core.shell:Creating environment descriptor '/home/dark516/Documents/RTK_robot/Frob_gorod/ros2_ws/install/frob_interfaces/share/frob_interfaces/hook/ld_library_path_lib.dsv'
[5.621s] INFO:colcon.colcon_core.shell:Creating environment hook '/home/dark516/Documents/RTK_robot/Frob_gorod/ros2_ws/install/frob_interfaces/share/frob_interfaces/hook/ld_library_path_lib.sh'
[5.621s] Level 1:colcon.colcon_core.environment:checking '/home/dark516/Documents/RTK_robot/Frob_gorod/ros2_ws/install/frob_interfaces/bin'
[5.621s] Level 1:colcon.colcon_core.environment:checking '/home/dark516/Documents/RTK_robot/Frob_gorod/ros2_ws/install/frob_interfaces/lib/pkgconfig/frob_interfaces.pc'
[5.621s] Level 1:colcon.colcon_core.environment:checking '/home/dark516/Documents/RTK_robot/Frob_gorod/ros2_ws/install/frob_interfaces/lib/python3.12/site-packages'
[5.621s] Level 1:colcon.colcon_core.shell:create_environment_hook('frob_interfaces', 'pythonpath')
[5.621s] INFO:colcon.colcon_core.shell:Creating environment hook '/home/dark516/Documents/RTK_robot/Frob_gorod/ros2_ws/install/frob_interfaces/share/frob_interfaces/hook/pythonpath.ps1'
[5.621s] INFO:colcon.colcon_core.shell:Creating environment descriptor '/home/dark516/Documents/RTK_robot/Frob_gorod/ros2_ws/install/frob_interfaces/share/frob_interfaces/hook/pythonpath.dsv'
[5.621s] INFO:colcon.colcon_core.shell:Creating environment hook '/home/dark516/Documents/RTK_robot/Frob_gorod/ros2_ws/install/frob_interfaces/share/frob_interfaces/hook/pythonpath.sh'
[5.622s] Level 1:colcon.colcon_core.environment:checking '/home/dark516/Documents/RTK_robot/Frob_gorod/ros2_ws/install/frob_interfaces/bin'
[5.622s] INFO:colcon.colcon_core.shell:Creating package script '/home/dark516/Documents/RTK_robot/Frob_gorod/ros2_ws/install/frob_interfaces/share/frob_interfaces/package.ps1'
[5.622s] INFO:colcon.colcon_core.shell:Creating package descriptor '/home/dark516/Documents/RTK_robot/Frob_gorod/ros2_ws/install/frob_interfaces/share/frob_interfaces/package.dsv'
[5.622s] INFO:colcon.colcon_core.shell:Creating package script '/home/dark516/Documents/RTK_robot/Frob_gorod/ros2_ws/install/frob_interfaces/share/frob_interfaces/package.sh'
[5.623s] INFO:colcon.colcon_core.shell:Creating package script '/home/dark516/Documents/RTK_robot/Frob_gorod/ros2_ws/install/frob_interfaces/share/frob_interfaces/package.bash'
[5.623s] INFO:colcon.colcon_core.shell:Creating package script '/home/dark516/Documents/RTK_robot/Frob_gorod/ros2_ws/install/frob_interfaces/share/frob_interfaces/package.zsh'
[5.623s] Level 1:colcon.colcon_core.environment:create_file_with_runtime_dependencies(/home/dark516/Documents/RTK_robot/Frob_gorod/ros2_ws/install/frob_interfaces/share/colcon-core/packages/frob_interfaces)
[5.753s] Level 1:colcon.colcon_core.environment:create_environment_scripts_only(frob_interfaces)
[5.753s] Level 1:colcon.colcon_core.environment:checking '/home/dark516/Documents/RTK_robot/Frob_gorod/ros2_ws/install/frob_interfaces' for CMake module files
[5.753s] Level 1:colcon.colcon_core.environment:checking '/home/dark516/Documents/RTK_robot/Frob_gorod/ros2_ws/install/frob_interfaces' for CMake config files
[5.754s] Level 1:colcon.colcon_core.shell:create_environment_hook('frob_interfaces', 'cmake_prefix_path')
[5.754s] INFO:colcon.colcon_core.shell:Creating environment hook '/home/dark516/Documents/RTK_robot/Frob_gorod/ros2_ws/install/frob_interfaces/share/frob_interfaces/hook/cmake_prefix_path.ps1'
[5.754s] INFO:colcon.colcon_core.shell:Creating environment descriptor '/home/dark516/Documents/RTK_robot/Frob_gorod/ros2_ws/install/frob_interfaces/share/frob_interfaces/hook/cmake_prefix_path.dsv'
[5.754s] INFO:colcon.colcon_core.shell:Creating environment hook '/home/dark516/Documents/RTK_robot/Frob_gorod/ros2_ws/install/frob_interfaces/share/frob_interfaces/hook/cmake_prefix_path.sh'
[5.755s] Level 1:colcon.colcon_core.environment:checking '/home/dark516/Documents/RTK_robot/Frob_gorod/ros2_ws/install/frob_interfaces/lib'
[5.755s] Level 1:colcon.colcon_core.shell:create_environment_hook('frob_interfaces', 'ld_library_path_lib')
[5.755s] INFO:colcon.colcon_core.shell:Creating environment hook '/home/dark516/Documents/RTK_robot/Frob_gorod/ros2_ws/install/frob_interfaces/share/frob_interfaces/hook/ld_library_path_lib.ps1'
[5.755s] INFO:colcon.colcon_core.shell:Creating environment descriptor '/home/dark516/Documents/RTK_robot/Frob_gorod/ros2_ws/install/frob_interfaces/share/frob_interfaces/hook/ld_library_path_lib.dsv'
[5.755s] INFO:colcon.colcon_core.shell:Creating environment hook '/home/dark516/Documents/RTK_robot/Frob_gorod/ros2_ws/install/frob_interfaces/share/frob_interfaces/hook/ld_library_path_lib.sh'
[5.756s] Level 1:colcon.colcon_core.environment:checking '/home/dark516/Documents/RTK_robot/Frob_gorod/ros2_ws/install/frob_interfaces/bin'
[5.756s] Level 1:colcon.colcon_core.environment:checking '/home/dark516/Documents/RTK_robot/Frob_gorod/ros2_ws/install/frob_interfaces/lib/pkgconfig/frob_interfaces.pc'
[5.756s] Level 1:colcon.colcon_core.environment:checking '/home/dark516/Documents/RTK_robot/Frob_gorod/ros2_ws/install/frob_interfaces/lib/python3.12/site-packages'
[5.756s] Level 1:colcon.colcon_core.shell:create_environment_hook('frob_interfaces', 'pythonpath')
[5.756s] INFO:colcon.colcon_core.shell:Creating environment hook '/home/dark516/Documents/RTK_robot/Frob_gorod/ros2_ws/install/frob_interfaces/share/frob_interfaces/hook/pythonpath.ps1'
[5.756s] INFO:colcon.colcon_core.shell:Creating environment descriptor '/home/dark516/Documents/RTK_robot/Frob_gorod/ros2_ws/install/frob_interfaces/share/frob_interfaces/hook/pythonpath.dsv'
[5.756s] INFO:colcon.colcon_core.shell:Creating environment hook '/home/dark516/Documents/RTK_robot/Frob_gorod/ros2_ws/install/frob_interfaces/share/frob_interfaces/hook/pythonpath.sh'
[5.757s] Level 1:colcon.colcon_core.environment:checking '/home/dark516/Documents/RTK_robot/Frob_gorod/ros2_ws/install/frob_interfaces/bin'
[5.757s] INFO:colcon.colcon_core.shell:Creating package script '/home/dark516/Documents/RTK_robot/Frob_gorod/ros2_ws/install/frob_interfaces/share/frob_interfaces/package.ps1'
[5.757s] INFO:colcon.colcon_core.shell:Creating package descriptor '/home/dark516/Documents/RTK_robot/Frob_gorod/ros2_ws/install/frob_interfaces/share/frob_interfaces/package.dsv'
[5.757s] INFO:colcon.colcon_core.shell:Creating package script '/home/dark516/Documents/RTK_robot/Frob_gorod/ros2_ws/install/frob_interfaces/share/frob_interfaces/package.sh'
[5.758s] INFO:colcon.colcon_core.shell:Creating package script '/home/dark516/Documents/RTK_robot/Frob_gorod/ros2_ws/install/frob_interfaces/share/frob_interfaces/package.bash'
[5.758s] INFO:colcon.colcon_core.shell:Creating package script '/home/dark516/Documents/RTK_robot/Frob_gorod/ros2_ws/install/frob_interfaces/share/frob_interfaces/package.zsh'
[5.758s] Level 1:colcon.colcon_core.environment:create_file_with_runtime_dependencies(/home/dark516/Documents/RTK_robot/Frob_gorod/ros2_ws/install/frob_interfaces/share/colcon-core/packages/frob_interfaces)
[5.758s] INFO:colcon.colcon_ros.task.ament_python.build:Building ROS package in '/home/dark516/Documents/RTK_robot/Frob_gorod/ros2_ws/src/ros2_arduino_bridge' with build type 'ament_python'
[5.758s] Level 1:colcon.colcon_core.shell:create_environment_hook('ros2_arduino_bridge', 'ament_prefix_path')
[5.758s] INFO:colcon.colcon_core.shell:Creating environment hook '/home/dark516/Documents/RTK_robot/Frob_gorod/ros2_ws/install/ros2_arduino_bridge/share/ros2_arduino_bridge/hook/ament_prefix_path.ps1'
[5.759s] INFO:colcon.colcon_core.shell:Creating environment descriptor '/home/dark516/Documents/RTK_robot/Frob_gorod/ros2_ws/install/ros2_arduino_bridge/share/ros2_arduino_bridge/hook/ament_prefix_path.dsv'
[5.759s] INFO:colcon.colcon_core.shell:Creating environment hook '/home/dark516/Documents/RTK_robot/Frob_gorod/ros2_ws/install/ros2_arduino_bridge/share/ros2_arduino_bridge/hook/ament_prefix_path.sh'
[5.760s] INFO:colcon.colcon_core.shell:Skip shell extension 'powershell' for command environment: Not usable outside of PowerShell
[5.760s] DEBUG:colcon.colcon_core.shell:Skip shell extension 'dsv' for command environment
[5.921s] INFO:colcon.colcon_core.task.python.build:Building Python package in '/home/dark516/Documents/RTK_robot/Frob_gorod/ros2_ws/src/ros2_arduino_bridge'
[5.922s] INFO:colcon.colcon_core.shell:Skip shell extension 'powershell' for command environment: Not usable outside of PowerShell
[5.922s] DEBUG:colcon.colcon_core.shell:Skip shell extension 'dsv' for command environment
[6.328s] DEBUG:colcon.colcon_core.event_handler.log_command:Invoking command in '/home/dark516/Documents/RTK_robot/Frob_gorod/ros2_ws/src/ros2_arduino_bridge': CMAKE_PREFIX_PATH=/home/dark516/Documents/RTK_robot/Frob_gorod/ros2_ws/install/frob_interfaces:/home/dark516/Documents/RTK_robot/Frob_gorod/ros2_ws/install/ydlidar_ros2_driver:/home/dark516/Documents/RTK_robot/Frob_gorod/ros2_ws/install/gorod_main_pkg:/opt/ros/jazzy/opt/gz_sim_vendor:/opt/ros/jazzy/opt/gz_sensors_vendor:/opt/ros/jazzy/opt/gz_physics_vendor:/opt/ros/jazzy/opt/sdformat_vendor:/opt/ros/jazzy/opt/gz_gui_vendor:/opt/ros/jazzy/opt/gz_transport_vendor:/opt/ros/jazzy/opt/gz_rendering_vendor:/opt/ros/jazzy/opt/gz_plugin_vendor:/opt/ros/jazzy/opt/gz_fuel_tools_vendor:/opt/ros/jazzy/opt/gz_msgs_vendor:/opt/ros/jazzy/opt/gz_common_vendor:/opt/ros/jazzy/opt/gz_math_vendor:/opt/ros/jazzy/opt/gz_utils_vendor:/opt/ros/jazzy/opt/gz_tools_vendor:/opt/ros/jazzy/opt/gz_ogre_next_vendor:/opt/ros/jazzy/opt/gz_dartsim_vendor:/opt/ros/jazzy/opt/gz_cmake_vendor DEBUGINFOD_URLS=https://debuginfod.ubuntu.com PYTHONPATH=/home/dark516/Documents/RTK_robot/Frob_gorod/ros2_ws/build/ros2_arduino_bridge/prefix_override:/usr/lib/python3/dist-packages/colcon_core/task/python/colcon_distutils_commands:/home/dark516/Documents/RTK_robot/Frob_gorod/ros2_ws/install/ros2_arduino_bridge/lib/python3.12/site-packages:/home/dark516/Documents/RTK_robot/Frob_gorod/ros2_ws/install/frob_interfaces/lib/python3.12/site-packages:/home/dark516/Documents/RTK_robot/Frob_gorod/ros2_ws/install/ros2_image_saver/lib/python3.12/site-packages:/home/dark516/Documents/RTK_robot/Frob_gorod/ros2_ws/install/ros2_arduino_bridge/lib/python3.12/site-packages:/home/dark516/Documents/RTK_robot/Frob_gorod/ros2_ws/install/image_processor/lib/python3.12/site-packages:/opt/ros/jazzy/lib/python3.12/site-packages /usr/bin/python3 -W ignore:setup.py install is deprecated setup.py egg_info --egg-base ../../build/ros2_arduino_bridge build --build-base /home/dark516/Documents/RTK_robot/Frob_gorod/ros2_ws/build/ros2_arduino_bridge/build install --record /home/dark516/Documents/RTK_robot/Frob_gorod/ros2_ws/build/ros2_arduino_bridge/install.log --single-version-externally-managed install_data
[6.679s] Level 1:colcon.colcon_core.environment:checking '/home/dark516/Documents/RTK_robot/Frob_gorod/ros2_ws/install/ros2_arduino_bridge' for CMake module files
[6.680s] DEBUG:colcon.colcon_core.event_handler.log_command:Invoked command in '/home/dark516/Documents/RTK_robot/Frob_gorod/ros2_ws/src/ros2_arduino_bridge' returned '0': CMAKE_PREFIX_PATH=/home/dark516/Documents/RTK_robot/Frob_gorod/ros2_ws/install/frob_interfaces:/home/dark516/Documents/RTK_robot/Frob_gorod/ros2_ws/install/ydlidar_ros2_driver:/home/dark516/Documents/RTK_robot/Frob_gorod/ros2_ws/install/gorod_main_pkg:/opt/ros/jazzy/opt/gz_sim_vendor:/opt/ros/jazzy/opt/gz_sensors_vendor:/opt/ros/jazzy/opt/gz_physics_vendor:/opt/ros/jazzy/opt/sdformat_vendor:/opt/ros/jazzy/opt/gz_gui_vendor:/opt/ros/jazzy/opt/gz_transport_vendor:/opt/ros/jazzy/opt/gz_rendering_vendor:/opt/ros/jazzy/opt/gz_plugin_vendor:/opt/ros/jazzy/opt/gz_fuel_tools_vendor:/opt/ros/jazzy/opt/gz_msgs_vendor:/opt/ros/jazzy/opt/gz_common_vendor:/opt/ros/jazzy/opt/gz_math_vendor:/opt/ros/jazzy/opt/gz_utils_vendor:/opt/ros/jazzy/opt/gz_tools_vendor:/opt/ros/jazzy/opt/gz_ogre_next_vendor:/opt/ros/jazzy/opt/gz_dartsim_vendor:/opt/ros/jazzy/opt/gz_cmake_vendor DEBUGINFOD_URLS=https://debuginfod.ubuntu.com PYTHONPATH=/home/dark516/Documents/RTK_robot/Frob_gorod/ros2_ws/build/ros2_arduino_bridge/prefix_override:/usr/lib/python3/dist-packages/colcon_core/task/python/colcon_distutils_commands:/home/dark516/Documents/RTK_robot/Frob_gorod/ros2_ws/install/ros2_arduino_bridge/lib/python3.12/site-packages:/home/dark516/Documents/RTK_robot/Frob_gorod/ros2_ws/install/frob_interfaces/lib/python3.12/site-packages:/home/dark516/Documents/RTK_robot/Frob_gorod/ros2_ws/install/ros2_image_saver/lib/python3.12/site-packages:/home/dark516/Documents/RTK_robot/Frob_gorod/ros2_ws/install/ros2_arduino_bridge/lib/python3.12/site-packages:/home/dark516/Documents/RTK_robot/Frob_gorod/ros2_ws/install/image_processor/lib/python3.12/site-packages:/opt/ros/jazzy/lib/python3.12/site-packages /usr/bin/python3 -W ignore:setup.py install is deprecated setup.py egg_info --egg-base ../../build/ros2_arduino_bridge build --build-base /home/dark516/Documents/RTK_robot/Frob_gorod/ros2_ws/build/ros2_arduino_bridge/build install --record /home/dark516/Documents/RTK_robot/Frob_gorod/ros2_ws/build/ros2_arduino_bridge/install.log --single-version-externally-managed install_data
[6.681s] Level 1:colcon.colcon_core.environment:checking '/home/dark516/Documents/RTK_robot/Frob_gorod/ros2_ws/install/ros2_arduino_bridge' for CMake config files
[6.682s] Level 1:colcon.colcon_core.environment:checking '/home/dark516/Documents/RTK_robot/Frob_gorod/ros2_ws/install/ros2_arduino_bridge/lib'
[6.682s] Level 1:colcon.colcon_core.environment:checking '/home/dark516/Documents/RTK_robot/Frob_gorod/ros2_ws/install/ros2_arduino_bridge/bin'
[6.682s] Level 1:colcon.colcon_core.environment:checking '/home/dark516/Documents/RTK_robot/Frob_gorod/ros2_ws/install/ros2_arduino_bridge/lib/pkgconfig/ros2_arduino_bridge.pc'
[6.682s] Level 1:colcon.colcon_core.environment:checking '/home/dark516/Documents/RTK_robot/Frob_gorod/ros2_ws/install/ros2_arduino_bridge/lib/python3.12/site-packages'
[6.682s] Level 1:colcon.colcon_core.shell:create_environment_hook('ros2_arduino_bridge', 'pythonpath')
[6.683s] INFO:colcon.colcon_core.shell:Creating environment hook '/home/dark516/Documents/RTK_robot/Frob_gorod/ros2_ws/install/ros2_arduino_bridge/share/ros2_arduino_bridge/hook/pythonpath.ps1'
[6.684s] INFO:colcon.colcon_core.shell:Creating environment descriptor '/home/dark516/Documents/RTK_robot/Frob_gorod/ros2_ws/install/ros2_arduino_bridge/share/ros2_arduino_bridge/hook/pythonpath.dsv'
[6.685s] INFO:colcon.colcon_core.shell:Creating environment hook '/home/dark516/Documents/RTK_robot/Frob_gorod/ros2_ws/install/ros2_arduino_bridge/share/ros2_arduino_bridge/hook/pythonpath.sh'
[6.686s] Level 1:colcon.colcon_core.environment:checking '/home/dark516/Documents/RTK_robot/Frob_gorod/ros2_ws/install/ros2_arduino_bridge/bin'
[6.686s] Level 1:colcon.colcon_core.environment:create_environment_scripts_only(ros2_arduino_bridge)
[6.686s] INFO:colcon.colcon_core.shell:Creating package script '/home/dark516/Documents/RTK_robot/Frob_gorod/ros2_ws/install/ros2_arduino_bridge/share/ros2_arduino_bridge/package.ps1'
[6.687s] INFO:colcon.colcon_core.shell:Creating package descriptor '/home/dark516/Documents/RTK_robot/Frob_gorod/ros2_ws/install/ros2_arduino_bridge/share/ros2_arduino_bridge/package.dsv'
[6.687s] INFO:colcon.colcon_core.shell:Creating package script '/home/dark516/Documents/RTK_robot/Frob_gorod/ros2_ws/install/ros2_arduino_bridge/share/ros2_arduino_bridge/package.sh'
[6.688s] INFO:colcon.colcon_core.shell:Creating package script '/home/dark516/Documents/RTK_robot/Frob_gorod/ros2_ws/install/ros2_arduino_bridge/share/ros2_arduino_bridge/package.bash'
[6.688s] INFO:colcon.colcon_core.shell:Creating package script '/home/dark516/Documents/RTK_robot/Frob_gorod/ros2_ws/install/ros2_arduino_bridge/share/ros2_arduino_bridge/package.zsh'
[6.688s] Level 1:colcon.colcon_core.environment:create_file_with_runtime_dependencies(/home/dark516/Documents/RTK_robot/Frob_gorod/ros2_ws/install/ros2_arduino_bridge/share/colcon-core/packages/ros2_arduino_bridge)
[6.689s] INFO:colcon.colcon_ros.task.ament_cmake.build:Building ROS package in '/home/dark516/Documents/RTK_robot/Frob_gorod/ros2_ws/src/gorod_main_pkg' with build type 'ament_cmake'
[6.689s] INFO:colcon.colcon_cmake.task.cmake.build:Building CMake package in '/home/dark516/Documents/RTK_robot/Frob_gorod/ros2_ws/src/gorod_main_pkg'
[6.689s] INFO:colcon.colcon_core.shell:Skip shell extension 'powershell' for command environment: Not usable outside of PowerShell
[6.689s] DEBUG:colcon.colcon_core.shell:Skip shell extension 'dsv' for command environment
[6.706s] DEBUG:colcon.colcon_core.event_handler.log_command:Invoking command in '/home/dark516/Documents/RTK_robot/Frob_gorod/ros2_ws/build/gorod_main_pkg': AMENT_PREFIX_PATH=/home/dark516/Documents/RTK_robot/Frob_gorod/ros2_ws/install/ros2_arduino_bridge:/home/dark516/Documents/RTK_robot/Frob_gorod/ros2_ws/install/ydlidar_ros2_driver:/home/dark516/Documents/RTK_robot/Frob_gorod/ros2_ws/install/ros2_image_saver:/home/dark516/Documents/RTK_robot/Frob_gorod/ros2_ws/install/gorod_main_pkg:/home/dark516/Documents/RTK_robot/Frob_gorod/ros2_ws/install/image_processor:/home/dark516/Documents/RTK_robot/Frob_gorod/ros2_ws/install/frob_interfaces:/opt/ros/jazzy CMAKE_PREFIX_PATH=/home/dark516/Documents/RTK_robot/Frob_gorod/ros2_ws/install/frob_interfaces:/home/dark516/Documents/RTK_robot/Frob_gorod/ros2_ws/install/ydlidar_ros2_driver:/home/dark516/Documents/RTK_robot/Frob_gorod/ros2_ws/install/gorod_main_pkg:/opt/ros/jazzy/opt/gz_sim_vendor:/opt/ros/jazzy/opt/gz_sensors_vendor:/opt/ros/jazzy/opt/gz_physics_vendor:/opt/ros/jazzy/opt/sdformat_vendor:/opt/ros/jazzy/opt/gz_gui_vendor:/opt/ros/jazzy/opt/gz_transport_vendor:/opt/ros/jazzy/opt/gz_rendering_vendor:/opt/ros/jazzy/opt/gz_plugin_vendor:/opt/ros/jazzy/opt/gz_fuel_tools_vendor:/opt/ros/jazzy/opt/gz_msgs_vendor:/opt/ros/jazzy/opt/gz_common_vendor:/opt/ros/jazzy/opt/gz_math_vendor:/opt/ros/jazzy/opt/gz_utils_vendor:/opt/ros/jazzy/opt/gz_tools_vendor:/opt/ros/jazzy/opt/gz_ogre_next_vendor:/opt/ros/jazzy/opt/gz_dartsim_vendor:/opt/ros/jazzy/opt/gz_cmake_vendor:/home/dark516/Documents/RTK_robot/Frob_gorod/ros2_ws/install/ros2_image_saver:/home/dark516/Documents/RTK_robot/Frob_gorod/ros2_ws/install/ros2_arduino_bridge:/home/dark516/Documents/RTK_robot/Frob_gorod/ros2_ws/install/image_processor:/opt/ros/jazzy DEBUGINFOD_URLS=https://debuginfod.ubuntu.com PYTHONPATH=/home/dark516/Documents/RTK_robot/Frob_gorod/ros2_ws/install/ros2_arduino_bridge/lib/python3.12/site-packages:/home/dark516/Documents/RTK_robot/Frob_gorod/ros2_ws/install/frob_interfaces/lib/python3.12/site-packages:/home/dark516/Documents/RTK_robot/Frob_gorod/ros2_ws/install/ros2_image_saver/lib/python3.12/site-packages:/home/dark516/Documents/RTK_robot/Frob_gorod/ros2_ws/install/image_processor/lib/python3.12/site-packages:/opt/ros/jazzy/lib/python3.12/site-packages /usr/bin/cmake /home/dark516/Documents/RTK_robot/Frob_gorod/ros2_ws/src/gorod_main_pkg -DCMAKE_INSTALL_PREFIX=/home/dark516/Documents/RTK_robot/Frob_gorod/ros2_ws/install/gorod_main_pkg
[7.350s] DEBUG:colcon.colcon_core.event_handler.log_command:Invoked command in '/home/dark516/Documents/RTK_robot/Frob_gorod/ros2_ws/build/gorod_main_pkg' returned '0': AMENT_PREFIX_PATH=/home/dark516/Documents/RTK_robot/Frob_gorod/ros2_ws/install/ros2_arduino_bridge:/home/dark516/Documents/RTK_robot/Frob_gorod/ros2_ws/install/ydlidar_ros2_driver:/home/dark516/Documents/RTK_robot/Frob_gorod/ros2_ws/install/ros2_image_saver:/home/dark516/Documents/RTK_robot/Frob_gorod/ros2_ws/install/gorod_main_pkg:/home/dark516/Documents/RTK_robot/Frob_gorod/ros2_ws/install/image_processor:/home/dark516/Documents/RTK_robot/Frob_gorod/ros2_ws/install/frob_interfaces:/opt/ros/jazzy CMAKE_PREFIX_PATH=/home/dark516/Documents/RTK_robot/Frob_gorod/ros2_ws/install/frob_interfaces:/home/dark516/Documents/RTK_robot/Frob_gorod/ros2_ws/install/ydlidar_ros2_driver:/home/dark516/Documents/RTK_robot/Frob_gorod/ros2_ws/install/gorod_main_pkg:/opt/ros/jazzy/opt/gz_sim_vendor:/opt/ros/jazzy/opt/gz_sensors_vendor:/opt/ros/jazzy/opt/gz_physics_vendor:/opt/ros/jazzy/opt/sdformat_vendor:/opt/ros/jazzy/opt/gz_gui_vendor:/opt/ros/jazzy/opt/gz_transport_vendor:/opt/ros/jazzy/opt/gz_rendering_vendor:/opt/ros/jazzy/opt/gz_plugin_vendor:/opt/ros/jazzy/opt/gz_fuel_tools_vendor:/opt/ros/jazzy/opt/gz_msgs_vendor:/opt/ros/jazzy/opt/gz_common_vendor:/opt/ros/jazzy/opt/gz_math_vendor:/opt/ros/jazzy/opt/gz_utils_vendor:/opt/ros/jazzy/opt/gz_tools_vendor:/opt/ros/jazzy/opt/gz_ogre_next_vendor:/opt/ros/jazzy/opt/gz_dartsim_vendor:/opt/ros/jazzy/opt/gz_cmake_vendor:/home/dark516/Documents/RTK_robot/Frob_gorod/ros2_ws/install/ros2_image_saver:/home/dark516/Documents/RTK_robot/Frob_gorod/ros2_ws/install/ros2_arduino_bridge:/home/dark516/Documents/RTK_robot/Frob_gorod/ros2_ws/install/image_processor:/opt/ros/jazzy DEBUGINFOD_URLS=https://debuginfod.ubuntu.com PYTHONPATH=/home/dark516/Documents/RTK_robot/Frob_gorod/ros2_ws/install/ros2_arduino_bridge/lib/python3.12/site-packages:/home/dark516/Documents/RTK_robot/Frob_gorod/ros2_ws/install/frob_interfaces/lib/python3.12/site-packages:/home/dark516/Documents/RTK_robot/Frob_gorod/ros2_ws/install/ros2_image_saver/lib/python3.12/site-packages:/home/dark516/Documents/RTK_robot/Frob_gorod/ros2_ws/install/image_processor/lib/python3.12/site-packages:/opt/ros/jazzy/lib/python3.12/site-packages /usr/bin/cmake /home/dark516/Documents/RTK_robot/Frob_gorod/ros2_ws/src/gorod_main_pkg -DCMAKE_INSTALL_PREFIX=/home/dark516/Documents/RTK_robot/Frob_gorod/ros2_ws/install/gorod_main_pkg
[7.352s] DEBUG:colcon.colcon_core.event_handler.log_command:Invoking command in '/home/dark516/Documents/RTK_robot/Frob_gorod/ros2_ws/build/gorod_main_pkg': AMENT_PREFIX_PATH=/home/dark516/Documents/RTK_robot/Frob_gorod/ros2_ws/install/ros2_arduino_bridge:/home/dark516/Documents/RTK_robot/Frob_gorod/ros2_ws/install/ydlidar_ros2_driver:/home/dark516/Documents/RTK_robot/Frob_gorod/ros2_ws/install/ros2_image_saver:/home/dark516/Documents/RTK_robot/Frob_gorod/ros2_ws/install/gorod_main_pkg:/home/dark516/Documents/RTK_robot/Frob_gorod/ros2_ws/install/image_processor:/home/dark516/Documents/RTK_robot/Frob_gorod/ros2_ws/install/frob_interfaces:/opt/ros/jazzy CMAKE_PREFIX_PATH=/home/dark516/Documents/RTK_robot/Frob_gorod/ros2_ws/install/frob_interfaces:/home/dark516/Documents/RTK_robot/Frob_gorod/ros2_ws/install/ydlidar_ros2_driver:/home/dark516/Documents/RTK_robot/Frob_gorod/ros2_ws/install/gorod_main_pkg:/opt/ros/jazzy/opt/gz_sim_vendor:/opt/ros/jazzy/opt/gz_sensors_vendor:/opt/ros/jazzy/opt/gz_physics_vendor:/opt/ros/jazzy/opt/sdformat_vendor:/opt/ros/jazzy/opt/gz_gui_vendor:/opt/ros/jazzy/opt/gz_transport_vendor:/opt/ros/jazzy/opt/gz_rendering_vendor:/opt/ros/jazzy/opt/gz_plugin_vendor:/opt/ros/jazzy/opt/gz_fuel_tools_vendor:/opt/ros/jazzy/opt/gz_msgs_vendor:/opt/ros/jazzy/opt/gz_common_vendor:/opt/ros/jazzy/opt/gz_math_vendor:/opt/ros/jazzy/opt/gz_utils_vendor:/opt/ros/jazzy/opt/gz_tools_vendor:/opt/ros/jazzy/opt/gz_ogre_next_vendor:/opt/ros/jazzy/opt/gz_dartsim_vendor:/opt/ros/jazzy/opt/gz_cmake_vendor:/home/dark516/Documents/RTK_robot/Frob_gorod/ros2_ws/install/ros2_image_saver:/home/dark516/Documents/RTK_robot/Frob_gorod/ros2_ws/install/ros2_arduino_bridge:/home/dark516/Documents/RTK_robot/Frob_gorod/ros2_ws/install/image_processor:/opt/ros/jazzy DEBUGINFOD_URLS=https://debuginfod.ubuntu.com PYTHONPATH=/home/dark516/Documents/RTK_robot/Frob_gorod/ros2_ws/install/ros2_arduino_bridge/lib/python3.12/site-packages:/home/dark516/Documents/RTK_robot/Frob_gorod/ros2_ws/install/frob_interfaces/lib/python3.12/site-packages:/home/dark516/Documents/RTK_robot/Frob_gorod/ros2_ws/install/ros2_image_saver/lib/python3.12/site-packages:/home/dark516/Documents/RTK_robot/Frob_gorod/ros2_ws/install/image_processor/lib/python3.12/site-packages:/opt/ros/jazzy/lib/python3.12/site-packages /usr/bin/cmake --build /home/dark516/Documents/RTK_robot/Frob_gorod/ros2_ws/build/gorod_main_pkg -- -j16 -l16
[7.395s] DEBUG:colcon.colcon_core.event_handler.log_command:Invoked command in '/home/dark516/Documents/RTK_robot/Frob_gorod/ros2_ws/build/gorod_main_pkg' returned '0': AMENT_PREFIX_PATH=/home/dark516/Documents/RTK_robot/Frob_gorod/ros2_ws/install/ros2_arduino_bridge:/home/dark516/Documents/RTK_robot/Frob_gorod/ros2_ws/install/ydlidar_ros2_driver:/home/dark516/Documents/RTK_robot/Frob_gorod/ros2_ws/install/ros2_image_saver:/home/dark516/Documents/RTK_robot/Frob_gorod/ros2_ws/install/gorod_main_pkg:/home/dark516/Documents/RTK_robot/Frob_gorod/ros2_ws/install/image_processor:/home/dark516/Documents/RTK_robot/Frob_gorod/ros2_ws/install/frob_interfaces:/opt/ros/jazzy CMAKE_PREFIX_PATH=/home/dark516/Documents/RTK_robot/Frob_gorod/ros2_ws/install/frob_interfaces:/home/dark516/Documents/RTK_robot/Frob_gorod/ros2_ws/install/ydlidar_ros2_driver:/home/dark516/Documents/RTK_robot/Frob_gorod/ros2_ws/install/gorod_main_pkg:/opt/ros/jazzy/opt/gz_sim_vendor:/opt/ros/jazzy/opt/gz_sensors_vendor:/opt/ros/jazzy/opt/gz_physics_vendor:/opt/ros/jazzy/opt/sdformat_vendor:/opt/ros/jazzy/opt/gz_gui_vendor:/opt/ros/jazzy/opt/gz_transport_vendor:/opt/ros/jazzy/opt/gz_rendering_vendor:/opt/ros/jazzy/opt/gz_plugin_vendor:/opt/ros/jazzy/opt/gz_fuel_tools_vendor:/opt/ros/jazzy/opt/gz_msgs_vendor:/opt/ros/jazzy/opt/gz_common_vendor:/opt/ros/jazzy/opt/gz_math_vendor:/opt/ros/jazzy/opt/gz_utils_vendor:/opt/ros/jazzy/opt/gz_tools_vendor:/opt/ros/jazzy/opt/gz_ogre_next_vendor:/opt/ros/jazzy/opt/gz_dartsim_vendor:/opt/ros/jazzy/opt/gz_cmake_vendor:/home/dark516/Documents/RTK_robot/Frob_gorod/ros2_ws/install/ros2_image_saver:/home/dark516/Documents/RTK_robot/Frob_gorod/ros2_ws/install/ros2_arduino_bridge:/home/dark516/Documents/RTK_robot/Frob_gorod/ros2_ws/install/image_processor:/opt/ros/jazzy DEBUGINFOD_URLS=https://debuginfod.ubuntu.com PYTHONPATH=/home/dark516/Documents/RTK_robot/Frob_gorod/ros2_ws/install/ros2_arduino_bridge/lib/python3.12/site-packages:/home/dark516/Documents/RTK_robot/Frob_gorod/ros2_ws/install/frob_interfaces/lib/python3.12/site-packages:/home/dark516/Documents/RTK_robot/Frob_gorod/ros2_ws/install/ros2_image_saver/lib/python3.12/site-packages:/home/dark516/Documents/RTK_robot/Frob_gorod/ros2_ws/install/image_processor/lib/python3.12/site-packages:/opt/ros/jazzy/lib/python3.12/site-packages /usr/bin/cmake --build /home/dark516/Documents/RTK_robot/Frob_gorod/ros2_ws/build/gorod_main_pkg -- -j16 -l16
[7.425s] DEBUG:colcon.colcon_core.event_handler.log_command:Invoking command in '/home/dark516/Documents/RTK_robot/Frob_gorod/ros2_ws/build/gorod_main_pkg': AMENT_PREFIX_PATH=/home/dark516/Documents/RTK_robot/Frob_gorod/ros2_ws/install/ros2_arduino_bridge:/home/dark516/Documents/RTK_robot/Frob_gorod/ros2_ws/install/ydlidar_ros2_driver:/home/dark516/Documents/RTK_robot/Frob_gorod/ros2_ws/install/ros2_image_saver:/home/dark516/Documents/RTK_robot/Frob_gorod/ros2_ws/install/gorod_main_pkg:/home/dark516/Documents/RTK_robot/Frob_gorod/ros2_ws/install/image_processor:/home/dark516/Documents/RTK_robot/Frob_gorod/ros2_ws/install/frob_interfaces:/opt/ros/jazzy CMAKE_PREFIX_PATH=/home/dark516/Documents/RTK_robot/Frob_gorod/ros2_ws/install/frob_interfaces:/home/dark516/Documents/RTK_robot/Frob_gorod/ros2_ws/install/ydlidar_ros2_driver:/home/dark516/Documents/RTK_robot/Frob_gorod/ros2_ws/install/gorod_main_pkg:/opt/ros/jazzy/opt/gz_sim_vendor:/opt/ros/jazzy/opt/gz_sensors_vendor:/opt/ros/jazzy/opt/gz_physics_vendor:/opt/ros/jazzy/opt/sdformat_vendor:/opt/ros/jazzy/opt/gz_gui_vendor:/opt/ros/jazzy/opt/gz_transport_vendor:/opt/ros/jazzy/opt/gz_rendering_vendor:/opt/ros/jazzy/opt/gz_plugin_vendor:/opt/ros/jazzy/opt/gz_fuel_tools_vendor:/opt/ros/jazzy/opt/gz_msgs_vendor:/opt/ros/jazzy/opt/gz_common_vendor:/opt/ros/jazzy/opt/gz_math_vendor:/opt/ros/jazzy/opt/gz_utils_vendor:/opt/ros/jazzy/opt/gz_tools_vendor:/opt/ros/jazzy/opt/gz_ogre_next_vendor:/opt/ros/jazzy/opt/gz_dartsim_vendor:/opt/ros/jazzy/opt/gz_cmake_vendor:/home/dark516/Documents/RTK_robot/Frob_gorod/ros2_ws/install/ros2_image_saver:/home/dark516/Documents/RTK_robot/Frob_gorod/ros2_ws/install/ros2_arduino_bridge:/home/dark516/Documents/RTK_robot/Frob_gorod/ros2_ws/install/image_processor:/opt/ros/jazzy DEBUGINFOD_URLS=https://debuginfod.ubuntu.com PYTHONPATH=/home/dark516/Documents/RTK_robot/Frob_gorod/ros2_ws/install/ros2_arduino_bridge/lib/python3.12/site-packages:/home/dark516/Documents/RTK_robot/Frob_gorod/ros2_ws/install/frob_interfaces/lib/python3.12/site-packages:/home/dark516/Documents/RTK_robot/Frob_gorod/ros2_ws/install/ros2_image_saver/lib/python3.12/site-packages:/home/dark516/Documents/RTK_robot/Frob_gorod/ros2_ws/install/image_processor/lib/python3.12/site-packages:/opt/ros/jazzy/lib/python3.12/site-packages /usr/bin/cmake --install /home/dark516/Documents/RTK_robot/Frob_gorod/ros2_ws/build/gorod_main_pkg
[7.436s] Level 1:colcon.colcon_core.environment:create_environment_scripts_only(gorod_main_pkg)
[7.436s] Level 1:colcon.colcon_core.environment:checking '/home/dark516/Documents/RTK_robot/Frob_gorod/ros2_ws/install/gorod_main_pkg' for CMake module files
[7.437s] DEBUG:colcon.colcon_core.event_handler.log_command:Invoked command in '/home/dark516/Documents/RTK_robot/Frob_gorod/ros2_ws/build/gorod_main_pkg' returned '0': AMENT_PREFIX_PATH=/home/dark516/Documents/RTK_robot/Frob_gorod/ros2_ws/install/ros2_arduino_bridge:/home/dark516/Documents/RTK_robot/Frob_gorod/ros2_ws/install/ydlidar_ros2_driver:/home/dark516/Documents/RTK_robot/Frob_gorod/ros2_ws/install/ros2_image_saver:/home/dark516/Documents/RTK_robot/Frob_gorod/ros2_ws/install/gorod_main_pkg:/home/dark516/Documents/RTK_robot/Frob_gorod/ros2_ws/install/image_processor:/home/dark516/Documents/RTK_robot/Frob_gorod/ros2_ws/install/frob_interfaces:/opt/ros/jazzy CMAKE_PREFIX_PATH=/home/dark516/Documents/RTK_robot/Frob_gorod/ros2_ws/install/frob_interfaces:/home/dark516/Documents/RTK_robot/Frob_gorod/ros2_ws/install/ydlidar_ros2_driver:/home/dark516/Documents/RTK_robot/Frob_gorod/ros2_ws/install/gorod_main_pkg:/opt/ros/jazzy/opt/gz_sim_vendor:/opt/ros/jazzy/opt/gz_sensors_vendor:/opt/ros/jazzy/opt/gz_physics_vendor:/opt/ros/jazzy/opt/sdformat_vendor:/opt/ros/jazzy/opt/gz_gui_vendor:/opt/ros/jazzy/opt/gz_transport_vendor:/opt/ros/jazzy/opt/gz_rendering_vendor:/opt/ros/jazzy/opt/gz_plugin_vendor:/opt/ros/jazzy/opt/gz_fuel_tools_vendor:/opt/ros/jazzy/opt/gz_msgs_vendor:/opt/ros/jazzy/opt/gz_common_vendor:/opt/ros/jazzy/opt/gz_math_vendor:/opt/ros/jazzy/opt/gz_utils_vendor:/opt/ros/jazzy/opt/gz_tools_vendor:/opt/ros/jazzy/opt/gz_ogre_next_vendor:/opt/ros/jazzy/opt/gz_dartsim_vendor:/opt/ros/jazzy/opt/gz_cmake_vendor:/home/dark516/Documents/RTK_robot/Frob_gorod/ros2_ws/install/ros2_image_saver:/home/dark516/Documents/RTK_robot/Frob_gorod/ros2_ws/install/ros2_arduino_bridge:/home/dark516/Documents/RTK_robot/Frob_gorod/ros2_ws/install/image_processor:/opt/ros/jazzy DEBUGINFOD_URLS=https://debuginfod.ubuntu.com PYTHONPATH=/home/dark516/Documents/RTK_robot/Frob_gorod/ros2_ws/install/ros2_arduino_bridge/lib/python3.12/site-packages:/home/dark516/Documents/RTK_robot/Frob_gorod/ros2_ws/install/frob_interfaces/lib/python3.12/site-packages:/home/dark516/Documents/RTK_robot/Frob_gorod/ros2_ws/install/ros2_image_saver/lib/python3.12/site-packages:/home/dark516/Documents/RTK_robot/Frob_gorod/ros2_ws/install/image_processor/lib/python3.12/site-packages:/opt/ros/jazzy/lib/python3.12/site-packages /usr/bin/cmake --install /home/dark516/Documents/RTK_robot/Frob_gorod/ros2_ws/build/gorod_main_pkg
[7.437s] Level 1:colcon.colcon_core.environment:checking '/home/dark516/Documents/RTK_robot/Frob_gorod/ros2_ws/install/gorod_main_pkg' for CMake config files
[7.437s] Level 1:colcon.colcon_core.shell:create_environment_hook('gorod_main_pkg', 'cmake_prefix_path')
[7.437s] INFO:colcon.colcon_core.shell:Creating environment hook '/home/dark516/Documents/RTK_robot/Frob_gorod/ros2_ws/install/gorod_main_pkg/share/gorod_main_pkg/hook/cmake_prefix_path.ps1'
[7.438s] INFO:colcon.colcon_core.shell:Creating environment descriptor '/home/dark516/Documents/RTK_robot/Frob_gorod/ros2_ws/install/gorod_main_pkg/share/gorod_main_pkg/hook/cmake_prefix_path.dsv'
[7.438s] INFO:colcon.colcon_core.shell:Creating environment hook '/home/dark516/Documents/RTK_robot/Frob_gorod/ros2_ws/install/gorod_main_pkg/share/gorod_main_pkg/hook/cmake_prefix_path.sh'
[7.438s] Level 1:colcon.colcon_core.environment:checking '/home/dark516/Documents/RTK_robot/Frob_gorod/ros2_ws/install/gorod_main_pkg/bin'
[7.438s] Level 1:colcon.colcon_core.environment:checking '/home/dark516/Documents/RTK_robot/Frob_gorod/ros2_ws/install/gorod_main_pkg/lib/pkgconfig/gorod_main_pkg.pc'
[7.438s] Level 1:colcon.colcon_core.environment:checking '/home/dark516/Documents/RTK_robot/Frob_gorod/ros2_ws/install/gorod_main_pkg/lib/python3.12/site-packages'
[7.438s] Level 1:colcon.colcon_core.environment:checking '/home/dark516/Documents/RTK_robot/Frob_gorod/ros2_ws/install/gorod_main_pkg/bin'
[7.438s] INFO:colcon.colcon_core.shell:Creating package script '/home/dark516/Documents/RTK_robot/Frob_gorod/ros2_ws/install/gorod_main_pkg/share/gorod_main_pkg/package.ps1'
[7.439s] INFO:colcon.colcon_core.shell:Creating package descriptor '/home/dark516/Documents/RTK_robot/Frob_gorod/ros2_ws/install/gorod_main_pkg/share/gorod_main_pkg/package.dsv'
[7.439s] INFO:colcon.colcon_core.shell:Creating package script '/home/dark516/Documents/RTK_robot/Frob_gorod/ros2_ws/install/gorod_main_pkg/share/gorod_main_pkg/package.sh'
[7.439s] INFO:colcon.colcon_core.shell:Creating package script '/home/dark516/Documents/RTK_robot/Frob_gorod/ros2_ws/install/gorod_main_pkg/share/gorod_main_pkg/package.bash'
[7.439s] INFO:colcon.colcon_core.shell:Creating package script '/home/dark516/Documents/RTK_robot/Frob_gorod/ros2_ws/install/gorod_main_pkg/share/gorod_main_pkg/package.zsh'
[7.439s] Level 1:colcon.colcon_core.environment:create_file_with_runtime_dependencies(/home/dark516/Documents/RTK_robot/Frob_gorod/ros2_ws/install/gorod_main_pkg/share/colcon-core/packages/gorod_main_pkg)
[7.467s] Level 1:colcon.colcon_core.environment:create_environment_scripts_only(gorod_main_pkg)
[7.467s] Level 1:colcon.colcon_core.environment:checking '/home/dark516/Documents/RTK_robot/Frob_gorod/ros2_ws/install/gorod_main_pkg' for CMake module files
[7.467s] Level 1:colcon.colcon_core.environment:checking '/home/dark516/Documents/RTK_robot/Frob_gorod/ros2_ws/install/gorod_main_pkg' for CMake config files
[7.467s] Level 1:colcon.colcon_core.shell:create_environment_hook('gorod_main_pkg', 'cmake_prefix_path')
[7.467s] INFO:colcon.colcon_core.shell:Creating environment hook '/home/dark516/Documents/RTK_robot/Frob_gorod/ros2_ws/install/gorod_main_pkg/share/gorod_main_pkg/hook/cmake_prefix_path.ps1'
[7.468s] INFO:colcon.colcon_core.shell:Creating environment descriptor '/home/dark516/Documents/RTK_robot/Frob_gorod/ros2_ws/install/gorod_main_pkg/share/gorod_main_pkg/hook/cmake_prefix_path.dsv'
[7.468s] INFO:colcon.colcon_core.shell:Creating environment hook '/home/dark516/Documents/RTK_robot/Frob_gorod/ros2_ws/install/gorod_main_pkg/share/gorod_main_pkg/hook/cmake_prefix_path.sh'
[7.468s] Level 1:colcon.colcon_core.environment:checking '/home/dark516/Documents/RTK_robot/Frob_gorod/ros2_ws/install/gorod_main_pkg/bin'
[7.468s] Level 1:colcon.colcon_core.environment:checking '/home/dark516/Documents/RTK_robot/Frob_gorod/ros2_ws/install/gorod_main_pkg/lib/pkgconfig/gorod_main_pkg.pc'
[7.468s] Level 1:colcon.colcon_core.environment:checking '/home/dark516/Documents/RTK_robot/Frob_gorod/ros2_ws/install/gorod_main_pkg/lib/python3.12/site-packages'
[7.468s] Level 1:colcon.colcon_core.environment:checking '/home/dark516/Documents/RTK_robot/Frob_gorod/ros2_ws/install/gorod_main_pkg/bin'
[7.469s] INFO:colcon.colcon_core.shell:Creating package script '/home/dark516/Documents/RTK_robot/Frob_gorod/ros2_ws/install/gorod_main_pkg/share/gorod_main_pkg/package.ps1'
[7.469s] INFO:colcon.colcon_core.shell:Creating package descriptor '/home/dark516/Documents/RTK_robot/Frob_gorod/ros2_ws/install/gorod_main_pkg/share/gorod_main_pkg/package.dsv'
[7.469s] INFO:colcon.colcon_core.shell:Creating package script '/home/dark516/Documents/RTK_robot/Frob_gorod/ros2_ws/install/gorod_main_pkg/share/gorod_main_pkg/package.sh'
[7.469s] INFO:colcon.colcon_core.shell:Creating package script '/home/dark516/Documents/RTK_robot/Frob_gorod/ros2_ws/install/gorod_main_pkg/share/gorod_main_pkg/package.bash'
[7.470s] INFO:colcon.colcon_core.shell:Creating package script '/home/dark516/Documents/RTK_robot/Frob_gorod/ros2_ws/install/gorod_main_pkg/share/gorod_main_pkg/package.zsh'
[7.470s] Level 1:colcon.colcon_core.environment:create_file_with_runtime_dependencies(/home/dark516/Documents/RTK_robot/Frob_gorod/ros2_ws/install/gorod_main_pkg/share/colcon-core/packages/gorod_main_pkg)
[8.106s] DEBUG:colcon.colcon_core.event_handler.log_command:Invoked command in '/home/dark516/Documents/RTK_robot/Frob_gorod/ros2_ws/build/ydlidar_ros2_driver' returned '0': CMAKE_PREFIX_PATH=${CMAKE_PREFIX_PATH}:/home/dark516/Documents/RTK_robot/Frob_gorod/ros2_ws/install/ros2_image_saver:/home/dark516/Documents/RTK_robot/Frob_gorod/ros2_ws/install/ros2_arduino_bridge:/home/dark516/Documents/RTK_robot/Frob_gorod/ros2_ws/install/image_processor:/opt/ros/jazzy DEBUGINFOD_URLS=https://debuginfod.ubuntu.com /usr/bin/cmake --build /home/dark516/Documents/RTK_robot/Frob_gorod/ros2_ws/build/ydlidar_ros2_driver -- -j16 -l16
[8.146s] DEBUG:colcon.colcon_core.event_handler.log_command:Invoking command in '/home/dark516/Documents/RTK_robot/Frob_gorod/ros2_ws/build/ydlidar_ros2_driver': CMAKE_PREFIX_PATH=${CMAKE_PREFIX_PATH}:/home/dark516/Documents/RTK_robot/Frob_gorod/ros2_ws/install/ros2_image_saver:/home/dark516/Documents/RTK_robot/Frob_gorod/ros2_ws/install/ros2_arduino_bridge:/home/dark516/Documents/RTK_robot/Frob_gorod/ros2_ws/install/image_processor:/opt/ros/jazzy DEBUGINFOD_URLS=https://debuginfod.ubuntu.com /usr/bin/cmake --install /home/dark516/Documents/RTK_robot/Frob_gorod/ros2_ws/build/ydlidar_ros2_driver
[8.164s] Level 1:colcon.colcon_core.environment:create_environment_scripts_only(ydlidar_ros2_driver)
[8.165s] Level 1:colcon.colcon_core.environment:checking '/home/dark516/Documents/RTK_robot/Frob_gorod/ros2_ws/install/ydlidar_ros2_driver' for CMake module files
[8.165s] DEBUG:colcon.colcon_core.event_handler.log_command:Invoked command in '/home/dark516/Documents/RTK_robot/Frob_gorod/ros2_ws/build/ydlidar_ros2_driver' returned '0': CMAKE_PREFIX_PATH=${CMAKE_PREFIX_PATH}:/home/dark516/Documents/RTK_robot/Frob_gorod/ros2_ws/install/ros2_image_saver:/home/dark516/Documents/RTK_robot/Frob_gorod/ros2_ws/install/ros2_arduino_bridge:/home/dark516/Documents/RTK_robot/Frob_gorod/ros2_ws/install/image_processor:/opt/ros/jazzy DEBUGINFOD_URLS=https://debuginfod.ubuntu.com /usr/bin/cmake --install /home/dark516/Documents/RTK_robot/Frob_gorod/ros2_ws/build/ydlidar_ros2_driver
[8.166s] Level 1:colcon.colcon_core.environment:checking '/home/dark516/Documents/RTK_robot/Frob_gorod/ros2_ws/install/ydlidar_ros2_driver' for CMake config files
[8.166s] Level 1:colcon.colcon_core.shell:create_environment_hook('ydlidar_ros2_driver', 'cmake_prefix_path')
[8.166s] INFO:colcon.colcon_core.shell:Creating environment hook '/home/dark516/Documents/RTK_robot/Frob_gorod/ros2_ws/install/ydlidar_ros2_driver/share/ydlidar_ros2_driver/hook/cmake_prefix_path.ps1'
[8.167s] INFO:colcon.colcon_core.shell:Creating environment descriptor '/home/dark516/Documents/RTK_robot/Frob_gorod/ros2_ws/install/ydlidar_ros2_driver/share/ydlidar_ros2_driver/hook/cmake_prefix_path.dsv'
[8.167s] INFO:colcon.colcon_core.shell:Creating environment hook '/home/dark516/Documents/RTK_robot/Frob_gorod/ros2_ws/install/ydlidar_ros2_driver/share/ydlidar_ros2_driver/hook/cmake_prefix_path.sh'
[8.168s] Level 1:colcon.colcon_core.environment:checking '/home/dark516/Documents/RTK_robot/Frob_gorod/ros2_ws/install/ydlidar_ros2_driver/lib'
[8.168s] Level 1:colcon.colcon_core.environment:checking '/home/dark516/Documents/RTK_robot/Frob_gorod/ros2_ws/install/ydlidar_ros2_driver/bin'
[8.169s] Level 1:colcon.colcon_core.environment:checking '/home/dark516/Documents/RTK_robot/Frob_gorod/ros2_ws/install/ydlidar_ros2_driver/lib/pkgconfig/ydlidar_ros2_driver.pc'
[8.169s] Level 1:colcon.colcon_core.environment:checking '/home/dark516/Documents/RTK_robot/Frob_gorod/ros2_ws/install/ydlidar_ros2_driver/lib/python3.12/site-packages'
[8.169s] Level 1:colcon.colcon_core.environment:checking '/home/dark516/Documents/RTK_robot/Frob_gorod/ros2_ws/install/ydlidar_ros2_driver/bin'
[8.170s] INFO:colcon.colcon_core.shell:Creating package script '/home/dark516/Documents/RTK_robot/Frob_gorod/ros2_ws/install/ydlidar_ros2_driver/share/ydlidar_ros2_driver/package.ps1'
[8.170s] INFO:colcon.colcon_core.shell:Creating package descriptor '/home/dark516/Documents/RTK_robot/Frob_gorod/ros2_ws/install/ydlidar_ros2_driver/share/ydlidar_ros2_driver/package.dsv'
[8.171s] INFO:colcon.colcon_core.shell:Creating package script '/home/dark516/Documents/RTK_robot/Frob_gorod/ros2_ws/install/ydlidar_ros2_driver/share/ydlidar_ros2_driver/package.sh'
[8.171s] INFO:colcon.colcon_core.shell:Creating package script '/home/dark516/Documents/RTK_robot/Frob_gorod/ros2_ws/install/ydlidar_ros2_driver/share/ydlidar_ros2_driver/package.bash'
[8.172s] INFO:colcon.colcon_core.shell:Creating package script '/home/dark516/Documents/RTK_robot/Frob_gorod/ros2_ws/install/ydlidar_ros2_driver/share/ydlidar_ros2_driver/package.zsh'
[8.172s] Level 1:colcon.colcon_core.environment:create_file_with_runtime_dependencies(/home/dark516/Documents/RTK_robot/Frob_gorod/ros2_ws/install/ydlidar_ros2_driver/share/colcon-core/packages/ydlidar_ros2_driver)
[8.213s] Level 1:colcon.colcon_core.environment:create_environment_scripts_only(ydlidar_ros2_driver)
[8.214s] Level 1:colcon.colcon_core.environment:checking '/home/dark516/Documents/RTK_robot/Frob_gorod/ros2_ws/install/ydlidar_ros2_driver' for CMake module files
[8.214s] Level 1:colcon.colcon_core.environment:checking '/home/dark516/Documents/RTK_robot/Frob_gorod/ros2_ws/install/ydlidar_ros2_driver' for CMake config files
[8.215s] Level 1:colcon.colcon_core.shell:create_environment_hook('ydlidar_ros2_driver', 'cmake_prefix_path')
[8.215s] INFO:colcon.colcon_core.shell:Creating environment hook '/home/dark516/Documents/RTK_robot/Frob_gorod/ros2_ws/install/ydlidar_ros2_driver/share/ydlidar_ros2_driver/hook/cmake_prefix_path.ps1'
[8.216s] INFO:colcon.colcon_core.shell:Creating environment descriptor '/home/dark516/Documents/RTK_robot/Frob_gorod/ros2_ws/install/ydlidar_ros2_driver/share/ydlidar_ros2_driver/hook/cmake_prefix_path.dsv'
[8.216s] INFO:colcon.colcon_core.shell:Creating environment hook '/home/dark516/Documents/RTK_robot/Frob_gorod/ros2_ws/install/ydlidar_ros2_driver/share/ydlidar_ros2_driver/hook/cmake_prefix_path.sh'
[8.217s] Level 1:colcon.colcon_core.environment:checking '/home/dark516/Documents/RTK_robot/Frob_gorod/ros2_ws/install/ydlidar_ros2_driver/lib'
[8.217s] Level 1:colcon.colcon_core.environment:checking '/home/dark516/Documents/RTK_robot/Frob_gorod/ros2_ws/install/ydlidar_ros2_driver/bin'
[8.217s] Level 1:colcon.colcon_core.environment:checking '/home/dark516/Documents/RTK_robot/Frob_gorod/ros2_ws/install/ydlidar_ros2_driver/lib/pkgconfig/ydlidar_ros2_driver.pc'
[8.218s] Level 1:colcon.colcon_core.environment:checking '/home/dark516/Documents/RTK_robot/Frob_gorod/ros2_ws/install/ydlidar_ros2_driver/lib/python3.12/site-packages'
[8.218s] Level 1:colcon.colcon_core.environment:checking '/home/dark516/Documents/RTK_robot/Frob_gorod/ros2_ws/install/ydlidar_ros2_driver/bin'
[8.218s] INFO:colcon.colcon_core.shell:Creating package script '/home/dark516/Documents/RTK_robot/Frob_gorod/ros2_ws/install/ydlidar_ros2_driver/share/ydlidar_ros2_driver/package.ps1'
[8.219s] INFO:colcon.colcon_core.shell:Creating package descriptor '/home/dark516/Documents/RTK_robot/Frob_gorod/ros2_ws/install/ydlidar_ros2_driver/share/ydlidar_ros2_driver/package.dsv'
[8.220s] INFO:colcon.colcon_core.shell:Creating package script '/home/dark516/Documents/RTK_robot/Frob_gorod/ros2_ws/install/ydlidar_ros2_driver/share/ydlidar_ros2_driver/package.sh'
[8.221s] INFO:colcon.colcon_core.shell:Creating package script '/home/dark516/Documents/RTK_robot/Frob_gorod/ros2_ws/install/ydlidar_ros2_driver/share/ydlidar_ros2_driver/package.bash'
[8.221s] INFO:colcon.colcon_core.shell:Creating package script '/home/dark516/Documents/RTK_robot/Frob_gorod/ros2_ws/install/ydlidar_ros2_driver/share/ydlidar_ros2_driver/package.zsh'
[8.222s] Level 1:colcon.colcon_core.environment:create_file_with_runtime_dependencies(/home/dark516/Documents/RTK_robot/Frob_gorod/ros2_ws/install/ydlidar_ros2_driver/share/colcon-core/packages/ydlidar_ros2_driver)
[8.222s] DEBUG:colcon.colcon_parallel_executor.executor.parallel:closing loop
[8.223s] DEBUG:colcon.colcon_parallel_executor.executor.parallel:loop closed
[8.223s] DEBUG:colcon.colcon_parallel_executor.executor.parallel:run_until_complete finished with '0'
[8.223s] DEBUG:colcon.colcon_core.event_reactor:joining thread
[8.249s] INFO:colcon.colcon_core.plugin_system:Skipping extension 'colcon_notification.desktop_notification.terminal_notifier': Not used on non-Darwin systems
[8.249s] INFO:colcon.colcon_core.plugin_system:Skipping extension 'colcon_notification.desktop_notification.win32': Not used on non-Windows systems
[8.249s] INFO:colcon.colcon_notification.desktop_notification:Sending desktop notification using 'notify2'
[8.279s] DEBUG:colcon.colcon_core.event_reactor:joined thread
[8.280s] INFO:colcon.colcon_core.shell:Creating prefix script '/home/dark516/Documents/RTK_robot/Frob_gorod/ros2_ws/install/local_setup.ps1'
[8.281s] INFO:colcon.colcon_core.shell:Creating prefix util module '/home/dark516/Documents/RTK_robot/Frob_gorod/ros2_ws/install/_local_setup_util_ps1.py'
[8.283s] INFO:colcon.colcon_core.shell:Creating prefix chain script '/home/dark516/Documents/RTK_robot/Frob_gorod/ros2_ws/install/setup.ps1'
[8.285s] INFO:colcon.colcon_core.shell:Creating prefix script '/home/dark516/Documents/RTK_robot/Frob_gorod/ros2_ws/install/local_setup.sh'
[8.286s] INFO:colcon.colcon_core.shell:Creating prefix util module '/home/dark516/Documents/RTK_robot/Frob_gorod/ros2_ws/install/_local_setup_util_sh.py'
[8.286s] INFO:colcon.colcon_core.shell:Creating prefix chain script '/home/dark516/Documents/RTK_robot/Frob_gorod/ros2_ws/install/setup.sh'
[8.288s] INFO:colcon.colcon_core.shell:Creating prefix script '/home/dark516/Documents/RTK_robot/Frob_gorod/ros2_ws/install/local_setup.bash'
[8.289s] INFO:colcon.colcon_core.shell:Creating prefix chain script '/home/dark516/Documents/RTK_robot/Frob_gorod/ros2_ws/install/setup.bash'
[8.291s] INFO:colcon.colcon_core.shell:Creating prefix script '/home/dark516/Documents/RTK_robot/Frob_gorod/ros2_ws/install/local_setup.zsh'
[8.291s] INFO:colcon.colcon_core.shell:Creating prefix chain script '/home/dark516/Documents/RTK_robot/Frob_gorod/ros2_ws/install/setup.zsh'
