[0.050s] Invoking command in '/home/dark516/Documents/RTK_robot/Frob_gorod/ros2_ws/build/frob_interfaces': CMAKE_PREFIX_PATH=${CMAKE_PREFIX_PATH}:/opt/ros/jazzy DEBUGINFOD_URLS=https://debuginfod.ubuntu.com /usr/bin/cmake /home/dark516/Documents/RTK_robot/Frob_gorod/ros2_ws/src/frob_interfaces -DCMAKE_INSTALL_PREFIX=/home/dark516/Documents/RTK_robot/Frob_gorod/ros2_ws/install/frob_interfaces
[0.557s] -- The C compiler identification is GNU 13.3.0
[0.558s] -- The CXX compiler identification is GNU 13.3.0
[0.558s] -- Detecting C compiler ABI info
[0.558s] -- Detecting C compiler ABI info - done
[0.559s] -- Check for working C compiler: /usr/bin/cc - skipped
[0.559s] -- Detecting C compile features
[0.559s] -- Detecting C compile features - done
[0.559s] -- Detecting CXX compiler ABI info
[0.657s] -- Detecting CXX compiler ABI info - done
[0.663s] -- Check for working CXX compiler: /usr/bin/c++ - skipped
[0.663s] -- Detecting CXX compile features
[0.663s] -- Detecting CXX compile features - done
[0.671s] -- Found ament_cmake: 2.5.2 (/opt/ros/jazzy/share/ament_cmake/cmake)
[0.834s] -- Found Python3: /usr/bin/python3 (found version "3.12.3") found components: Interpreter 
[0.952s] -- Found rosidl_default_generators: 1.6.0 (/opt/ros/jazzy/share/rosidl_default_generators/cmake)
[0.960s] -- Using all available rosidl_typesupport_c: rosidl_typesupport_fastrtps_c;rosidl_typesupport_introspection_c
[1.030s] -- Using all available rosidl_typesupport_cpp: rosidl_typesupport_fastrtps_cpp;rosidl_typesupport_introspection_cpp
[1.083s] -- Found rosidl_adapter: 4.6.4 (/opt/ros/jazzy/share/rosidl_adapter/cmake)
[1.697s] -- Found ament_cmake_ros: 0.12.0 (/opt/ros/jazzy/share/ament_cmake_ros/cmake)
[2.159s] -- Using all available rosidl_typesupport_c: rosidl_typesupport_fastrtps_c;rosidl_typesupport_introspection_c
[2.768s] -- Using all available rosidl_typesupport_cpp: rosidl_typesupport_fastrtps_cpp;rosidl_typesupport_introspection_cpp
[2.773s] -- Found python_cmake_module: 0.11.1 (/opt/ros/jazzy/share/python_cmake_module/cmake)
[2.887s] -- Found PythonExtra: /usr/bin/python3  
[3.227s] -- Found Python3: /usr/bin/python3 (found version "3.12.3") found components: Interpreter Development NumPy Development.Module Development.Embed 
[3.271s] -- Configuring done (3.1s)
[3.298s] -- Generating done (0.0s)
[3.300s] -- Build files have been written to: /home/dark516/Documents/RTK_robot/Frob_gorod/ros2_ws/build/frob_interfaces
[3.311s] Invoked command in '/home/dark516/Documents/RTK_robot/Frob_gorod/ros2_ws/build/frob_interfaces' returned '0': CMAKE_PREFIX_PATH=${CMAKE_PREFIX_PATH}:/opt/ros/jazzy DEBUGINFOD_URLS=https://debuginfod.ubuntu.com /usr/bin/cmake /home/dark516/Documents/RTK_robot/Frob_gorod/ros2_ws/src/frob_interfaces -DCMAKE_INSTALL_PREFIX=/home/dark516/Documents/RTK_robot/Frob_gorod/ros2_ws/install/frob_interfaces
[3.312s] Invoking command in '/home/dark516/Documents/RTK_robot/Frob_gorod/ros2_ws/build/frob_interfaces': CMAKE_PREFIX_PATH=${CMAKE_PREFIX_PATH}:/opt/ros/jazzy DEBUGINFOD_URLS=https://debuginfod.ubuntu.com /usr/bin/cmake --build /home/dark516/Documents/RTK_robot/Frob_gorod/ros2_ws/build/frob_interfaces -- -j16 -l16
[3.366s] [  2%] [34m[1mGenerating type hashes for ROS interfaces[0m
[3.375s] [  2%] Built target ament_cmake_python_copy_frob_interfaces
[3.518s] [  2%] Built target frob_interfaces__rosidl_generator_type_description
[3.529s] [  4%] [34m[1mGenerating C code for ROS interfaces[0m
[3.540s] [  6%] [34m[1mGenerating C++ code for ROS interfaces[0m
[3.542s] running egg_info
[3.542s] creating frob_interfaces.egg-info
[3.556s] writing frob_interfaces.egg-info/PKG-INFO
[3.556s] writing dependency_links to frob_interfaces.egg-info/dependency_links.txt
[3.556s] writing top-level names to frob_interfaces.egg-info/top_level.txt
[3.556s] writing manifest file 'frob_interfaces.egg-info/SOURCES.txt'
[3.596s] reading manifest file 'frob_interfaces.egg-info/SOURCES.txt'
[3.597s] writing manifest file 'frob_interfaces.egg-info/SOURCES.txt'
[3.629s] [  6%] Built target ament_cmake_python_build_frob_interfaces_egg
[3.776s] [  6%] Built target frob_interfaces__cpp
[3.808s] [ 20%] [32mBuilding C object CMakeFiles/frob_interfaces__rosidl_generator_c.dir/rosidl_generator_c/frob_interfaces/srv/detail/forward__functions.c.o[0m
[3.808s] [ 20%] [32mBuilding C object CMakeFiles/frob_interfaces__rosidl_generator_c.dir/rosidl_generator_c/frob_interfaces/srv/detail/forward__description.c.o[0m
[3.808s] [ 20%] [32mBuilding C object CMakeFiles/frob_interfaces__rosidl_generator_c.dir/rosidl_generator_c/frob_interfaces/srv/detail/turn__type_support.c.o[0m
[3.808s] [ 20%] [32mBuilding C object CMakeFiles/frob_interfaces__rosidl_generator_c.dir/rosidl_generator_c/frob_interfaces/srv/detail/turn__description.c.o[0m
[3.808s] [ 20%] [32mBuilding C object CMakeFiles/frob_interfaces__rosidl_generator_c.dir/rosidl_generator_c/frob_interfaces/srv/detail/forward__type_support.c.o[0m
[3.808s] [ 20%] [32mBuilding C object CMakeFiles/frob_interfaces__rosidl_generator_c.dir/rosidl_generator_c/frob_interfaces/srv/detail/turn__functions.c.o[0m
[3.872s] [ 22%] [32m[1mLinking C shared library libfrob_interfaces__rosidl_generator_c.so[0m
[3.914s] [ 22%] Built target frob_interfaces__rosidl_generator_c
[3.925s] [ 36%] [34m[1mGenerating C++ type support for eProsima Fast-RTPS[0m
[3.925s] [ 36%] [34m[1mGenerating C++ type support dispatch for ROS interfaces[0m
[3.925s] [ 36%] [34m[1mGenerating C type support dispatch for ROS interfaces[0m
[3.925s] [ 36%] [34m[1mGenerating C++ introspection for ROS interfaces[0m
[3.925s] [ 36%] [34m[1mGenerating C introspection for ROS interfaces[0m
[3.926s] [ 36%] [34m[1mGenerating C type support for eProsima Fast-RTPS[0m
[4.120s] [ 40%] [32mBuilding CXX object CMakeFiles/frob_interfaces__rosidl_typesupport_c.dir/rosidl_typesupport_c/frob_interfaces/srv/turn__type_support.cpp.o[0m
[4.120s] [ 40%] [32mBuilding CXX object CMakeFiles/frob_interfaces__rosidl_typesupport_c.dir/rosidl_typesupport_c/frob_interfaces/srv/forward__type_support.cpp.o[0m
[4.127s] [ 45%] [32mBuilding CXX object CMakeFiles/frob_interfaces__rosidl_typesupport_cpp.dir/rosidl_typesupport_cpp/frob_interfaces/srv/turn__type_support.cpp.o[0m
[4.128s] [ 45%] [32mBuilding CXX object CMakeFiles/frob_interfaces__rosidl_typesupport_cpp.dir/rosidl_typesupport_cpp/frob_interfaces/srv/forward__type_support.cpp.o[0m
[4.154s] [ 47%] [32mBuilding CXX object CMakeFiles/frob_interfaces__rosidl_typesupport_introspection_cpp.dir/rosidl_typesupport_introspection_cpp/frob_interfaces/srv/detail/turn__type_support.cpp.o[0m
[4.156s] [ 50%] [32mBuilding CXX object CMakeFiles/frob_interfaces__rosidl_typesupport_introspection_cpp.dir/rosidl_typesupport_introspection_cpp/frob_interfaces/srv/detail/forward__type_support.cpp.o[0m
[4.167s] [ 54%] [32mBuilding C object CMakeFiles/frob_interfaces__rosidl_typesupport_introspection_c.dir/rosidl_typesupport_introspection_c/frob_interfaces/srv/detail/forward__type_support.c.o[0m
[4.167s] [ 54%] [32mBuilding C object CMakeFiles/frob_interfaces__rosidl_typesupport_introspection_c.dir/rosidl_typesupport_introspection_c/frob_interfaces/srv/detail/turn__type_support.c.o[0m
[4.170s] [ 56%] [32m[1mLinking CXX shared library libfrob_interfaces__rosidl_typesupport_c.so[0m
[4.214s] [ 59%] [32m[1mLinking C shared library libfrob_interfaces__rosidl_typesupport_introspection_c.so[0m
[4.217s] [ 63%] [32mBuilding CXX object CMakeFiles/frob_interfaces__rosidl_typesupport_fastrtps_cpp.dir/rosidl_typesupport_fastrtps_cpp/frob_interfaces/srv/detail/dds_fastrtps/forward__type_support.cpp.o[0m
[4.217s] [ 63%] [32mBuilding CXX object CMakeFiles/frob_interfaces__rosidl_typesupport_fastrtps_cpp.dir/rosidl_typesupport_fastrtps_cpp/frob_interfaces/srv/detail/dds_fastrtps/turn__type_support.cpp.o[0m
[4.220s] [ 63%] Built target frob_interfaces__rosidl_typesupport_c
[4.226s] [ 65%] [32mBuilding CXX object CMakeFiles/frob_interfaces__rosidl_typesupport_fastrtps_c.dir/rosidl_typesupport_fastrtps_c/frob_interfaces/srv/detail/turn__type_support_c.cpp.o[0m
[4.226s] [ 68%] [32mBuilding CXX object CMakeFiles/frob_interfaces__rosidl_typesupport_fastrtps_c.dir/rosidl_typesupport_fastrtps_c/frob_interfaces/srv/detail/forward__type_support_c.cpp.o[0m
[4.249s] [ 68%] Built target frob_interfaces__rosidl_typesupport_introspection_c
[4.495s] [ 70%] [32m[1mLinking CXX shared library libfrob_interfaces__rosidl_typesupport_cpp.so[0m
[4.540s] [ 72%] [32m[1mLinking CXX shared library libfrob_interfaces__rosidl_typesupport_introspection_cpp.so[0m
[4.564s] [ 72%] Built target frob_interfaces__rosidl_typesupport_cpp
[4.607s] [ 72%] Built target frob_interfaces__rosidl_typesupport_introspection_cpp
[4.636s] [ 75%] [32m[1mLinking CXX shared library libfrob_interfaces__rosidl_typesupport_fastrtps_c.so[0m
[4.683s] [ 75%] Built target frob_interfaces__rosidl_typesupport_fastrtps_c
[4.704s] [ 77%] [32m[1mLinking CXX shared library libfrob_interfaces__rosidl_typesupport_fastrtps_cpp.so[0m
[4.770s] [ 77%] Built target frob_interfaces__rosidl_typesupport_fastrtps_cpp
[4.792s] [ 77%] Built target frob_interfaces
[4.815s] [ 79%] [34m[1mGenerating Python code for ROS interfaces[0m
[5.128s] [ 79%] Built target frob_interfaces__py
[5.152s] [ 84%] [32mBuilding C object CMakeFiles/frob_interfaces__rosidl_generator_py.dir/rosidl_generator_py/frob_interfaces/srv/_turn_s.c.o[0m
[5.152s] [ 84%] [32mBuilding C object CMakeFiles/frob_interfaces__rosidl_generator_py.dir/rosidl_generator_py/frob_interfaces/srv/_forward_s.c.o[0m
[5.270s] [ 86%] [32m[1mLinking C shared library libfrob_interfaces__rosidl_generator_py.so[0m
[5.311s] [ 86%] Built target frob_interfaces__rosidl_generator_py
[5.333s] [ 93%] [32mBuilding C object CMakeFiles/frob_interfaces_s__rosidl_typesupport_c.dir/rosidl_generator_py/frob_interfaces/_frob_interfaces_s.ep.rosidl_typesupport_c.c.o[0m
[5.333s] [ 93%] [32mBuilding C object CMakeFiles/frob_interfaces_s__rosidl_typesupport_fastrtps_c.dir/rosidl_generator_py/frob_interfaces/_frob_interfaces_s.ep.rosidl_typesupport_fastrtps_c.c.o[0m
[5.333s] [ 93%] [32mBuilding C object CMakeFiles/frob_interfaces_s__rosidl_typesupport_introspection_c.dir/rosidl_generator_py/frob_interfaces/_frob_interfaces_s.ep.rosidl_typesupport_introspection_c.c.o[0m
[5.419s] [ 97%] [32m[1mLinking C shared module rosidl_generator_py/frob_interfaces/frob_interfaces_s__rosidl_typesupport_fastrtps_c.so[0m
[5.419s] [ 97%] [32m[1mLinking C shared module rosidl_generator_py/frob_interfaces/frob_interfaces_s__rosidl_typesupport_introspection_c.so[0m
[5.432s] [100%] [32m[1mLinking C shared module rosidl_generator_py/frob_interfaces/frob_interfaces_s__rosidl_typesupport_c.so[0m
[5.449s] [100%] Built target frob_interfaces_s__rosidl_typesupport_introspection_c
[5.449s] [100%] Built target frob_interfaces_s__rosidl_typesupport_fastrtps_c
[5.462s] [100%] Built target frob_interfaces_s__rosidl_typesupport_c
[5.474s] Invoked command in '/home/dark516/Documents/RTK_robot/Frob_gorod/ros2_ws/build/frob_interfaces' returned '0': CMAKE_PREFIX_PATH=${CMAKE_PREFIX_PATH}:/opt/ros/jazzy DEBUGINFOD_URLS=https://debuginfod.ubuntu.com /usr/bin/cmake --build /home/dark516/Documents/RTK_robot/Frob_gorod/ros2_ws/build/frob_interfaces -- -j16 -l16
[5.618s] Invoking command in '/home/dark516/Documents/RTK_robot/Frob_gorod/ros2_ws/build/frob_interfaces': CMAKE_PREFIX_PATH=${CMAKE_PREFIX_PATH}:/opt/ros/jazzy DEBUGINFOD_URLS=https://debuginfod.ubuntu.com /usr/bin/cmake --install /home/dark516/Documents/RTK_robot/Frob_gorod/ros2_ws/build/frob_interfaces
[5.628s] -- Install configuration: ""
[5.628s] -- Installing: /home/dark516/Documents/RTK_robot/Frob_gorod/ros2_ws/install/frob_interfaces/share/ament_index/resource_index/rosidl_interfaces/frob_interfaces
[5.628s] -- Installing: /home/dark516/Documents/RTK_robot/Frob_gorod/ros2_ws/install/frob_interfaces/share/frob_interfaces/srv/Turn.json
[5.628s] -- Installing: /home/dark516/Documents/RTK_robot/Frob_gorod/ros2_ws/install/frob_interfaces/share/frob_interfaces/srv/Forward.json
[5.629s] -- Installing: /home/dark516/Documents/RTK_robot/Frob_gorod/ros2_ws/install/frob_interfaces/include/frob_interfaces/frob_interfaces
[5.629s] -- Installing: /home/dark516/Documents/RTK_robot/Frob_gorod/ros2_ws/install/frob_interfaces/include/frob_interfaces/frob_interfaces/srv
[5.629s] -- Installing: /home/dark516/Documents/RTK_robot/Frob_gorod/ros2_ws/install/frob_interfaces/include/frob_interfaces/frob_interfaces/srv/forward.h
[5.629s] -- Installing: /home/dark516/Documents/RTK_robot/Frob_gorod/ros2_ws/install/frob_interfaces/include/frob_interfaces/frob_interfaces/srv/turn.h
[5.629s] -- Installing: /home/dark516/Documents/RTK_robot/Frob_gorod/ros2_ws/install/frob_interfaces/include/frob_interfaces/frob_interfaces/srv/detail
[5.629s] -- Installing: /home/dark516/Documents/RTK_robot/Frob_gorod/ros2_ws/install/frob_interfaces/include/frob_interfaces/frob_interfaces/srv/detail/forward__type_support.h
[5.629s] -- Installing: /home/dark516/Documents/RTK_robot/Frob_gorod/ros2_ws/install/frob_interfaces/include/frob_interfaces/frob_interfaces/srv/detail/turn__functions.h
[5.629s] -- Installing: /home/dark516/Documents/RTK_robot/Frob_gorod/ros2_ws/install/frob_interfaces/include/frob_interfaces/frob_interfaces/srv/detail/forward__functions.h
[5.629s] -- Installing: /home/dark516/Documents/RTK_robot/Frob_gorod/ros2_ws/install/frob_interfaces/include/frob_interfaces/frob_interfaces/srv/detail/forward__type_support.c
[5.629s] -- Installing: /home/dark516/Documents/RTK_robot/Frob_gorod/ros2_ws/install/frob_interfaces/include/frob_interfaces/frob_interfaces/srv/detail/turn__type_support.h
[5.629s] -- Installing: /home/dark516/Documents/RTK_robot/Frob_gorod/ros2_ws/install/frob_interfaces/include/frob_interfaces/frob_interfaces/srv/detail/turn__type_support.c
[5.630s] -- Installing: /home/dark516/Documents/RTK_robot/Frob_gorod/ros2_ws/install/frob_interfaces/include/frob_interfaces/frob_interfaces/srv/detail/turn__functions.c
[5.630s] -- Installing: /home/dark516/Documents/RTK_robot/Frob_gorod/ros2_ws/install/frob_interfaces/include/frob_interfaces/frob_interfaces/srv/detail/forward__struct.h
[5.630s] -- Installing: /home/dark516/Documents/RTK_robot/Frob_gorod/ros2_ws/install/frob_interfaces/include/frob_interfaces/frob_interfaces/srv/detail/turn__description.c
[5.630s] -- Installing: /home/dark516/Documents/RTK_robot/Frob_gorod/ros2_ws/install/frob_interfaces/include/frob_interfaces/frob_interfaces/srv/detail/forward__description.c
[5.630s] -- Installing: /home/dark516/Documents/RTK_robot/Frob_gorod/ros2_ws/install/frob_interfaces/include/frob_interfaces/frob_interfaces/srv/detail/turn__struct.h
[5.630s] -- Installing: /home/dark516/Documents/RTK_robot/Frob_gorod/ros2_ws/install/frob_interfaces/include/frob_interfaces/frob_interfaces/srv/detail/forward__functions.c
[5.630s] -- Installing: /home/dark516/Documents/RTK_robot/Frob_gorod/ros2_ws/install/frob_interfaces/include/frob_interfaces/frob_interfaces/msg
[5.630s] -- Installing: /home/dark516/Documents/RTK_robot/Frob_gorod/ros2_ws/install/frob_interfaces/include/frob_interfaces/frob_interfaces/msg/rosidl_generator_c__visibility_control.h
[5.630s] -- Installing: /home/dark516/Documents/RTK_robot/Frob_gorod/ros2_ws/install/frob_interfaces/share/frob_interfaces/environment/library_path.sh
[5.630s] -- Installing: /home/dark516/Documents/RTK_robot/Frob_gorod/ros2_ws/install/frob_interfaces/share/frob_interfaces/environment/library_path.dsv
[5.630s] -- Installing: /home/dark516/Documents/RTK_robot/Frob_gorod/ros2_ws/install/frob_interfaces/lib/libfrob_interfaces__rosidl_generator_c.so
[5.631s] -- Set non-toolchain portion of runtime path of "/home/dark516/Documents/RTK_robot/Frob_gorod/ros2_ws/install/frob_interfaces/lib/libfrob_interfaces__rosidl_generator_c.so" to ""
[5.631s] -- Up-to-date: /home/dark516/Documents/RTK_robot/Frob_gorod/ros2_ws/install/frob_interfaces/include/frob_interfaces/frob_interfaces
[5.631s] -- Up-to-date: /home/dark516/Documents/RTK_robot/Frob_gorod/ros2_ws/install/frob_interfaces/include/frob_interfaces/frob_interfaces/srv
[5.631s] -- Up-to-date: /home/dark516/Documents/RTK_robot/Frob_gorod/ros2_ws/install/frob_interfaces/include/frob_interfaces/frob_interfaces/srv/detail
[5.631s] -- Installing: /home/dark516/Documents/RTK_robot/Frob_gorod/ros2_ws/install/frob_interfaces/include/frob_interfaces/frob_interfaces/srv/detail/forward__rosidl_typesupport_fastrtps_c.h
[5.631s] -- Installing: /home/dark516/Documents/RTK_robot/Frob_gorod/ros2_ws/install/frob_interfaces/include/frob_interfaces/frob_interfaces/srv/detail/turn__rosidl_typesupport_fastrtps_c.h
[5.631s] -- Up-to-date: /home/dark516/Documents/RTK_robot/Frob_gorod/ros2_ws/install/frob_interfaces/include/frob_interfaces/frob_interfaces/msg
[5.631s] -- Installing: /home/dark516/Documents/RTK_robot/Frob_gorod/ros2_ws/install/frob_interfaces/include/frob_interfaces/frob_interfaces/msg/rosidl_typesupport_fastrtps_c__visibility_control.h
[5.631s] -- Installing: /home/dark516/Documents/RTK_robot/Frob_gorod/ros2_ws/install/frob_interfaces/lib/libfrob_interfaces__rosidl_typesupport_fastrtps_c.so
[5.631s] -- Set non-toolchain portion of runtime path of "/home/dark516/Documents/RTK_robot/Frob_gorod/ros2_ws/install/frob_interfaces/lib/libfrob_interfaces__rosidl_typesupport_fastrtps_c.so" to ""
[5.631s] -- Up-to-date: /home/dark516/Documents/RTK_robot/Frob_gorod/ros2_ws/install/frob_interfaces/include/frob_interfaces/frob_interfaces
[5.631s] -- Up-to-date: /home/dark516/Documents/RTK_robot/Frob_gorod/ros2_ws/install/frob_interfaces/include/frob_interfaces/frob_interfaces/srv
[5.631s] -- Up-to-date: /home/dark516/Documents/RTK_robot/Frob_gorod/ros2_ws/install/frob_interfaces/include/frob_interfaces/frob_interfaces/srv/detail
[5.631s] -- Installing: /home/dark516/Documents/RTK_robot/Frob_gorod/ros2_ws/install/frob_interfaces/include/frob_interfaces/frob_interfaces/srv/detail/forward__type_support.c
[5.632s] -- Installing: /home/dark516/Documents/RTK_robot/Frob_gorod/ros2_ws/install/frob_interfaces/include/frob_interfaces/frob_interfaces/srv/detail/turn__type_support.c
[5.632s] -- Installing: /home/dark516/Documents/RTK_robot/Frob_gorod/ros2_ws/install/frob_interfaces/include/frob_interfaces/frob_interfaces/srv/detail/turn__rosidl_typesupport_introspection_c.h
[5.632s] -- Installing: /home/dark516/Documents/RTK_robot/Frob_gorod/ros2_ws/install/frob_interfaces/include/frob_interfaces/frob_interfaces/srv/detail/forward__rosidl_typesupport_introspection_c.h
[5.632s] -- Up-to-date: /home/dark516/Documents/RTK_robot/Frob_gorod/ros2_ws/install/frob_interfaces/include/frob_interfaces/frob_interfaces/msg
[5.632s] -- Installing: /home/dark516/Documents/RTK_robot/Frob_gorod/ros2_ws/install/frob_interfaces/include/frob_interfaces/frob_interfaces/msg/rosidl_typesupport_introspection_c__visibility_control.h
[5.632s] -- Installing: /home/dark516/Documents/RTK_robot/Frob_gorod/ros2_ws/install/frob_interfaces/lib/libfrob_interfaces__rosidl_typesupport_introspection_c.so
[5.632s] -- Set non-toolchain portion of runtime path of "/home/dark516/Documents/RTK_robot/Frob_gorod/ros2_ws/install/frob_interfaces/lib/libfrob_interfaces__rosidl_typesupport_introspection_c.so" to ""
[5.632s] -- Installing: /home/dark516/Documents/RTK_robot/Frob_gorod/ros2_ws/install/frob_interfaces/lib/libfrob_interfaces__rosidl_typesupport_c.so
[5.632s] -- Set non-toolchain portion of runtime path of "/home/dark516/Documents/RTK_robot/Frob_gorod/ros2_ws/install/frob_interfaces/lib/libfrob_interfaces__rosidl_typesupport_c.so" to ""
[5.633s] -- Up-to-date: /home/dark516/Documents/RTK_robot/Frob_gorod/ros2_ws/install/frob_interfaces/include/frob_interfaces/frob_interfaces
[5.633s] -- Up-to-date: /home/dark516/Documents/RTK_robot/Frob_gorod/ros2_ws/install/frob_interfaces/include/frob_interfaces/frob_interfaces/srv
[5.633s] -- Installing: /home/dark516/Documents/RTK_robot/Frob_gorod/ros2_ws/install/frob_interfaces/include/frob_interfaces/frob_interfaces/srv/turn.hpp
[5.633s] -- Installing: /home/dark516/Documents/RTK_robot/Frob_gorod/ros2_ws/install/frob_interfaces/include/frob_interfaces/frob_interfaces/srv/forward.hpp
[5.633s] -- Up-to-date: /home/dark516/Documents/RTK_robot/Frob_gorod/ros2_ws/install/frob_interfaces/include/frob_interfaces/frob_interfaces/srv/detail
[5.633s] -- Installing: /home/dark516/Documents/RTK_robot/Frob_gorod/ros2_ws/install/frob_interfaces/include/frob_interfaces/frob_interfaces/srv/detail/turn__builder.hpp
[5.633s] -- Installing: /home/dark516/Documents/RTK_robot/Frob_gorod/ros2_ws/install/frob_interfaces/include/frob_interfaces/frob_interfaces/srv/detail/forward__builder.hpp
[5.633s] -- Installing: /home/dark516/Documents/RTK_robot/Frob_gorod/ros2_ws/install/frob_interfaces/include/frob_interfaces/frob_interfaces/srv/detail/turn__traits.hpp
[5.633s] -- Installing: /home/dark516/Documents/RTK_robot/Frob_gorod/ros2_ws/install/frob_interfaces/include/frob_interfaces/frob_interfaces/srv/detail/turn__struct.hpp
[5.633s] -- Installing: /home/dark516/Documents/RTK_robot/Frob_gorod/ros2_ws/install/frob_interfaces/include/frob_interfaces/frob_interfaces/srv/detail/forward__traits.hpp
[5.633s] -- Installing: /home/dark516/Documents/RTK_robot/Frob_gorod/ros2_ws/install/frob_interfaces/include/frob_interfaces/frob_interfaces/srv/detail/forward__struct.hpp
[5.633s] -- Installing: /home/dark516/Documents/RTK_robot/Frob_gorod/ros2_ws/install/frob_interfaces/include/frob_interfaces/frob_interfaces/srv/detail/forward__type_support.hpp
[5.633s] -- Installing: /home/dark516/Documents/RTK_robot/Frob_gorod/ros2_ws/install/frob_interfaces/include/frob_interfaces/frob_interfaces/srv/detail/turn__type_support.hpp
[5.633s] -- Up-to-date: /home/dark516/Documents/RTK_robot/Frob_gorod/ros2_ws/install/frob_interfaces/include/frob_interfaces/frob_interfaces/msg
[5.633s] -- Installing: /home/dark516/Documents/RTK_robot/Frob_gorod/ros2_ws/install/frob_interfaces/include/frob_interfaces/frob_interfaces/msg/rosidl_generator_cpp__visibility_control.hpp
[5.634s] -- Up-to-date: /home/dark516/Documents/RTK_robot/Frob_gorod/ros2_ws/install/frob_interfaces/include/frob_interfaces/frob_interfaces
[5.634s] -- Up-to-date: /home/dark516/Documents/RTK_robot/Frob_gorod/ros2_ws/install/frob_interfaces/include/frob_interfaces/frob_interfaces/srv
[5.634s] -- Up-to-date: /home/dark516/Documents/RTK_robot/Frob_gorod/ros2_ws/install/frob_interfaces/include/frob_interfaces/frob_interfaces/srv/detail
[5.634s] -- Installing: /home/dark516/Documents/RTK_robot/Frob_gorod/ros2_ws/install/frob_interfaces/include/frob_interfaces/frob_interfaces/srv/detail/turn__rosidl_typesupport_fastrtps_cpp.hpp
[5.634s] -- Installing: /home/dark516/Documents/RTK_robot/Frob_gorod/ros2_ws/install/frob_interfaces/include/frob_interfaces/frob_interfaces/srv/detail/dds_fastrtps
[5.634s] -- Installing: /home/dark516/Documents/RTK_robot/Frob_gorod/ros2_ws/install/frob_interfaces/include/frob_interfaces/frob_interfaces/srv/detail/forward__rosidl_typesupport_fastrtps_cpp.hpp
[5.634s] -- Up-to-date: /home/dark516/Documents/RTK_robot/Frob_gorod/ros2_ws/install/frob_interfaces/include/frob_interfaces/frob_interfaces/msg
[5.634s] -- Installing: /home/dark516/Documents/RTK_robot/Frob_gorod/ros2_ws/install/frob_interfaces/include/frob_interfaces/frob_interfaces/msg/rosidl_typesupport_fastrtps_cpp__visibility_control.h
[5.634s] -- Installing: /home/dark516/Documents/RTK_robot/Frob_gorod/ros2_ws/install/frob_interfaces/lib/libfrob_interfaces__rosidl_typesupport_fastrtps_cpp.so
[5.635s] -- Set non-toolchain portion of runtime path of "/home/dark516/Documents/RTK_robot/Frob_gorod/ros2_ws/install/frob_interfaces/lib/libfrob_interfaces__rosidl_typesupport_fastrtps_cpp.so" to ""
[5.635s] -- Up-to-date: /home/dark516/Documents/RTK_robot/Frob_gorod/ros2_ws/install/frob_interfaces/include/frob_interfaces/frob_interfaces
[5.635s] -- Up-to-date: /home/dark516/Documents/RTK_robot/Frob_gorod/ros2_ws/install/frob_interfaces/include/frob_interfaces/frob_interfaces/srv
[5.635s] -- Up-to-date: /home/dark516/Documents/RTK_robot/Frob_gorod/ros2_ws/install/frob_interfaces/include/frob_interfaces/frob_interfaces/srv/detail
[5.635s] -- Installing: /home/dark516/Documents/RTK_robot/Frob_gorod/ros2_ws/install/frob_interfaces/include/frob_interfaces/frob_interfaces/srv/detail/turn__rosidl_typesupport_introspection_cpp.hpp
[5.635s] -- Installing: /home/dark516/Documents/RTK_robot/Frob_gorod/ros2_ws/install/frob_interfaces/include/frob_interfaces/frob_interfaces/srv/detail/forward__rosidl_typesupport_introspection_cpp.hpp
[5.635s] -- Installing: /home/dark516/Documents/RTK_robot/Frob_gorod/ros2_ws/install/frob_interfaces/include/frob_interfaces/frob_interfaces/srv/detail/turn__type_support.cpp
[5.635s] -- Installing: /home/dark516/Documents/RTK_robot/Frob_gorod/ros2_ws/install/frob_interfaces/include/frob_interfaces/frob_interfaces/srv/detail/forward__type_support.cpp
[5.635s] -- Installing: /home/dark516/Documents/RTK_robot/Frob_gorod/ros2_ws/install/frob_interfaces/lib/libfrob_interfaces__rosidl_typesupport_introspection_cpp.so
[5.635s] -- Set non-toolchain portion of runtime path of "/home/dark516/Documents/RTK_robot/Frob_gorod/ros2_ws/install/frob_interfaces/lib/libfrob_interfaces__rosidl_typesupport_introspection_cpp.so" to ""
[5.635s] -- Installing: /home/dark516/Documents/RTK_robot/Frob_gorod/ros2_ws/install/frob_interfaces/lib/libfrob_interfaces__rosidl_typesupport_cpp.so
[5.636s] -- Set non-toolchain portion of runtime path of "/home/dark516/Documents/RTK_robot/Frob_gorod/ros2_ws/install/frob_interfaces/lib/libfrob_interfaces__rosidl_typesupport_cpp.so" to ""
[5.636s] -- Installing: /home/dark516/Documents/RTK_robot/Frob_gorod/ros2_ws/install/frob_interfaces/share/frob_interfaces/environment/pythonpath.sh
[5.636s] -- Installing: /home/dark516/Documents/RTK_robot/Frob_gorod/ros2_ws/install/frob_interfaces/share/frob_interfaces/environment/pythonpath.dsv
[5.636s] -- Installing: /home/dark516/Documents/RTK_robot/Frob_gorod/ros2_ws/install/frob_interfaces/lib/python3.12/site-packages/frob_interfaces-0.0.0-py3.12.egg-info
[5.636s] -- Installing: /home/dark516/Documents/RTK_robot/Frob_gorod/ros2_ws/install/frob_interfaces/lib/python3.12/site-packages/frob_interfaces-0.0.0-py3.12.egg-info/top_level.txt
[5.636s] -- Installing: /home/dark516/Documents/RTK_robot/Frob_gorod/ros2_ws/install/frob_interfaces/lib/python3.12/site-packages/frob_interfaces-0.0.0-py3.12.egg-info/SOURCES.txt
[5.636s] -- Installing: /home/dark516/Documents/RTK_robot/Frob_gorod/ros2_ws/install/frob_interfaces/lib/python3.12/site-packages/frob_interfaces-0.0.0-py3.12.egg-info/PKG-INFO
[5.636s] -- Installing: /home/dark516/Documents/RTK_robot/Frob_gorod/ros2_ws/install/frob_interfaces/lib/python3.12/site-packages/frob_interfaces-0.0.0-py3.12.egg-info/dependency_links.txt
[5.636s] -- Installing: /home/dark516/Documents/RTK_robot/Frob_gorod/ros2_ws/install/frob_interfaces/lib/python3.12/site-packages/frob_interfaces
[5.636s] -- Installing: /home/dark516/Documents/RTK_robot/Frob_gorod/ros2_ws/install/frob_interfaces/lib/python3.12/site-packages/frob_interfaces/__init__.py
[5.637s] -- Installing: /home/dark516/Documents/RTK_robot/Frob_gorod/ros2_ws/install/frob_interfaces/lib/python3.12/site-packages/frob_interfaces/srv
[5.637s] -- Installing: /home/dark516/Documents/RTK_robot/Frob_gorod/ros2_ws/install/frob_interfaces/lib/python3.12/site-packages/frob_interfaces/srv/_forward.py
[5.637s] -- Installing: /home/dark516/Documents/RTK_robot/Frob_gorod/ros2_ws/install/frob_interfaces/lib/python3.12/site-packages/frob_interfaces/srv/_turn_s.c
[5.637s] -- Installing: /home/dark516/Documents/RTK_robot/Frob_gorod/ros2_ws/install/frob_interfaces/lib/python3.12/site-packages/frob_interfaces/srv/__init__.py
[5.637s] -- Installing: /home/dark516/Documents/RTK_robot/Frob_gorod/ros2_ws/install/frob_interfaces/lib/python3.12/site-packages/frob_interfaces/srv/_forward_s.c
[5.637s] -- Installing: /home/dark516/Documents/RTK_robot/Frob_gorod/ros2_ws/install/frob_interfaces/lib/python3.12/site-packages/frob_interfaces/srv/_turn.py
[5.637s] -- Installing: /home/dark516/Documents/RTK_robot/Frob_gorod/ros2_ws/install/frob_interfaces/lib/python3.12/site-packages/frob_interfaces/_frob_interfaces_s.ep.rosidl_typesupport_fastrtps_c.c
[5.637s] -- Installing: /home/dark516/Documents/RTK_robot/Frob_gorod/ros2_ws/install/frob_interfaces/lib/python3.12/site-packages/frob_interfaces/frob_interfaces_s__rosidl_typesupport_c.so
[5.637s] -- Installing: /home/dark516/Documents/RTK_robot/Frob_gorod/ros2_ws/install/frob_interfaces/lib/python3.12/site-packages/frob_interfaces/_frob_interfaces_s.ep.rosidl_typesupport_c.c
[5.637s] -- Installing: /home/dark516/Documents/RTK_robot/Frob_gorod/ros2_ws/install/frob_interfaces/lib/python3.12/site-packages/frob_interfaces/frob_interfaces_s__rosidl_typesupport_introspection_c.so
[5.638s] -- Installing: /home/dark516/Documents/RTK_robot/Frob_gorod/ros2_ws/install/frob_interfaces/lib/python3.12/site-packages/frob_interfaces/_frob_interfaces_s.ep.rosidl_typesupport_introspection_c.c
[5.638s] -- Installing: /home/dark516/Documents/RTK_robot/Frob_gorod/ros2_ws/install/frob_interfaces/lib/python3.12/site-packages/frob_interfaces/frob_interfaces_s__rosidl_typesupport_fastrtps_c.so
[5.668s] Listing '/home/dark516/Documents/RTK_robot/Frob_gorod/ros2_ws/install/frob_interfaces/lib/python3.12/site-packages/frob_interfaces'...
[5.668s] Compiling '/home/dark516/Documents/RTK_robot/Frob_gorod/ros2_ws/install/frob_interfaces/lib/python3.12/site-packages/frob_interfaces/__init__.py'...
[5.668s] Listing '/home/dark516/Documents/RTK_robot/Frob_gorod/ros2_ws/install/frob_interfaces/lib/python3.12/site-packages/frob_interfaces/srv'...
[5.669s] Compiling '/home/dark516/Documents/RTK_robot/Frob_gorod/ros2_ws/install/frob_interfaces/lib/python3.12/site-packages/frob_interfaces/srv/__init__.py'...
[5.669s] Compiling '/home/dark516/Documents/RTK_robot/Frob_gorod/ros2_ws/install/frob_interfaces/lib/python3.12/site-packages/frob_interfaces/srv/_forward.py'...
[5.669s] Compiling '/home/dark516/Documents/RTK_robot/Frob_gorod/ros2_ws/install/frob_interfaces/lib/python3.12/site-packages/frob_interfaces/srv/_turn.py'...
[5.673s] -- Installing: /home/dark516/Documents/RTK_robot/Frob_gorod/ros2_ws/install/frob_interfaces/lib/python3.12/site-packages/frob_interfaces/frob_interfaces_s__rosidl_typesupport_fastrtps_c.so
[5.674s] -- Set non-toolchain portion of runtime path of "/home/dark516/Documents/RTK_robot/Frob_gorod/ros2_ws/install/frob_interfaces/lib/python3.12/site-packages/frob_interfaces/frob_interfaces_s__rosidl_typesupport_fastrtps_c.so" to ""
[5.674s] -- Installing: /home/dark516/Documents/RTK_robot/Frob_gorod/ros2_ws/install/frob_interfaces/lib/python3.12/site-packages/frob_interfaces/frob_interfaces_s__rosidl_typesupport_introspection_c.so
[5.674s] -- Set non-toolchain portion of runtime path of "/home/dark516/Documents/RTK_robot/Frob_gorod/ros2_ws/install/frob_interfaces/lib/python3.12/site-packages/frob_interfaces/frob_interfaces_s__rosidl_typesupport_introspection_c.so" to ""
[5.674s] -- Installing: /home/dark516/Documents/RTK_robot/Frob_gorod/ros2_ws/install/frob_interfaces/lib/python3.12/site-packages/frob_interfaces/frob_interfaces_s__rosidl_typesupport_c.so
[5.675s] -- Set non-toolchain portion of runtime path of "/home/dark516/Documents/RTK_robot/Frob_gorod/ros2_ws/install/frob_interfaces/lib/python3.12/site-packages/frob_interfaces/frob_interfaces_s__rosidl_typesupport_c.so" to ""
[5.675s] -- Installing: /home/dark516/Documents/RTK_robot/Frob_gorod/ros2_ws/install/frob_interfaces/lib/libfrob_interfaces__rosidl_generator_py.so
[5.675s] -- Set non-toolchain portion of runtime path of "/home/dark516/Documents/RTK_robot/Frob_gorod/ros2_ws/install/frob_interfaces/lib/libfrob_interfaces__rosidl_generator_py.so" to ""
[5.675s] -- Installing: /home/dark516/Documents/RTK_robot/Frob_gorod/ros2_ws/install/frob_interfaces/share/frob_interfaces/srv/Turn.idl
[5.675s] -- Installing: /home/dark516/Documents/RTK_robot/Frob_gorod/ros2_ws/install/frob_interfaces/share/frob_interfaces/srv/Forward.idl
[5.675s] -- Installing: /home/dark516/Documents/RTK_robot/Frob_gorod/ros2_ws/install/frob_interfaces/share/frob_interfaces/srv/Turn.srv
[5.675s] -- Installing: /home/dark516/Documents/RTK_robot/Frob_gorod/ros2_ws/install/frob_interfaces/share/frob_interfaces/srv/Forward.srv
[5.675s] -- Installing: /home/dark516/Documents/RTK_robot/Frob_gorod/ros2_ws/install/frob_interfaces/share/ament_index/resource_index/package_run_dependencies/frob_interfaces
[5.676s] -- Installing: /home/dark516/Documents/RTK_robot/Frob_gorod/ros2_ws/install/frob_interfaces/share/ament_index/resource_index/parent_prefix_path/frob_interfaces
[5.676s] -- Installing: /home/dark516/Documents/RTK_robot/Frob_gorod/ros2_ws/install/frob_interfaces/share/frob_interfaces/environment/ament_prefix_path.sh
[5.676s] -- Installing: /home/dark516/Documents/RTK_robot/Frob_gorod/ros2_ws/install/frob_interfaces/share/frob_interfaces/environment/ament_prefix_path.dsv
[5.676s] -- Installing: /home/dark516/Documents/RTK_robot/Frob_gorod/ros2_ws/install/frob_interfaces/share/frob_interfaces/environment/path.sh
[5.676s] -- Installing: /home/dark516/Documents/RTK_robot/Frob_gorod/ros2_ws/install/frob_interfaces/share/frob_interfaces/environment/path.dsv
[5.676s] -- Installing: /home/dark516/Documents/RTK_robot/Frob_gorod/ros2_ws/install/frob_interfaces/share/frob_interfaces/local_setup.bash
[5.676s] -- Installing: /home/dark516/Documents/RTK_robot/Frob_gorod/ros2_ws/install/frob_interfaces/share/frob_interfaces/local_setup.sh
[5.676s] -- Installing: /home/dark516/Documents/RTK_robot/Frob_gorod/ros2_ws/install/frob_interfaces/share/frob_interfaces/local_setup.zsh
[5.676s] -- Installing: /home/dark516/Documents/RTK_robot/Frob_gorod/ros2_ws/install/frob_interfaces/share/frob_interfaces/local_setup.dsv
[5.676s] -- Installing: /home/dark516/Documents/RTK_robot/Frob_gorod/ros2_ws/install/frob_interfaces/share/frob_interfaces/package.dsv
[5.677s] -- Installing: /home/dark516/Documents/RTK_robot/Frob_gorod/ros2_ws/install/frob_interfaces/share/ament_index/resource_index/packages/frob_interfaces
[5.677s] -- Installing: /home/dark516/Documents/RTK_robot/Frob_gorod/ros2_ws/install/frob_interfaces/share/frob_interfaces/cmake/export_frob_interfaces__rosidl_generator_cExport.cmake
[5.677s] -- Installing: /home/dark516/Documents/RTK_robot/Frob_gorod/ros2_ws/install/frob_interfaces/share/frob_interfaces/cmake/export_frob_interfaces__rosidl_generator_cExport-noconfig.cmake
[5.677s] -- Installing: /home/dark516/Documents/RTK_robot/Frob_gorod/ros2_ws/install/frob_interfaces/share/frob_interfaces/cmake/export_frob_interfaces__rosidl_typesupport_fastrtps_cExport.cmake
[5.677s] -- Installing: /home/dark516/Documents/RTK_robot/Frob_gorod/ros2_ws/install/frob_interfaces/share/frob_interfaces/cmake/export_frob_interfaces__rosidl_typesupport_fastrtps_cExport-noconfig.cmake
[5.677s] -- Installing: /home/dark516/Documents/RTK_robot/Frob_gorod/ros2_ws/install/frob_interfaces/share/frob_interfaces/cmake/frob_interfaces__rosidl_typesupport_introspection_cExport.cmake
[5.677s] -- Installing: /home/dark516/Documents/RTK_robot/Frob_gorod/ros2_ws/install/frob_interfaces/share/frob_interfaces/cmake/frob_interfaces__rosidl_typesupport_introspection_cExport-noconfig.cmake
[5.677s] -- Installing: /home/dark516/Documents/RTK_robot/Frob_gorod/ros2_ws/install/frob_interfaces/share/frob_interfaces/cmake/frob_interfaces__rosidl_typesupport_cExport.cmake
[5.677s] -- Installing: /home/dark516/Documents/RTK_robot/Frob_gorod/ros2_ws/install/frob_interfaces/share/frob_interfaces/cmake/frob_interfaces__rosidl_typesupport_cExport-noconfig.cmake
[5.678s] -- Installing: /home/dark516/Documents/RTK_robot/Frob_gorod/ros2_ws/install/frob_interfaces/share/frob_interfaces/cmake/export_frob_interfaces__rosidl_generator_cppExport.cmake
[5.678s] -- Installing: /home/dark516/Documents/RTK_robot/Frob_gorod/ros2_ws/install/frob_interfaces/share/frob_interfaces/cmake/export_frob_interfaces__rosidl_typesupport_fastrtps_cppExport.cmake
[5.678s] -- Installing: /home/dark516/Documents/RTK_robot/Frob_gorod/ros2_ws/install/frob_interfaces/share/frob_interfaces/cmake/export_frob_interfaces__rosidl_typesupport_fastrtps_cppExport-noconfig.cmake
[5.678s] -- Installing: /home/dark516/Documents/RTK_robot/Frob_gorod/ros2_ws/install/frob_interfaces/share/frob_interfaces/cmake/frob_interfaces__rosidl_typesupport_introspection_cppExport.cmake
[5.678s] -- Installing: /home/dark516/Documents/RTK_robot/Frob_gorod/ros2_ws/install/frob_interfaces/share/frob_interfaces/cmake/frob_interfaces__rosidl_typesupport_introspection_cppExport-noconfig.cmake
[5.678s] -- Installing: /home/dark516/Documents/RTK_robot/Frob_gorod/ros2_ws/install/frob_interfaces/share/frob_interfaces/cmake/frob_interfaces__rosidl_typesupport_cppExport.cmake
[5.678s] -- Installing: /home/dark516/Documents/RTK_robot/Frob_gorod/ros2_ws/install/frob_interfaces/share/frob_interfaces/cmake/frob_interfaces__rosidl_typesupport_cppExport-noconfig.cmake
[5.678s] -- Installing: /home/dark516/Documents/RTK_robot/Frob_gorod/ros2_ws/install/frob_interfaces/share/frob_interfaces/cmake/export_frob_interfaces__rosidl_generator_pyExport.cmake
[5.678s] -- Installing: /home/dark516/Documents/RTK_robot/Frob_gorod/ros2_ws/install/frob_interfaces/share/frob_interfaces/cmake/export_frob_interfaces__rosidl_generator_pyExport-noconfig.cmake
[5.679s] -- Installing: /home/dark516/Documents/RTK_robot/Frob_gorod/ros2_ws/install/frob_interfaces/share/frob_interfaces/cmake/rosidl_cmake-extras.cmake
[5.679s] -- Installing: /home/dark516/Documents/RTK_robot/Frob_gorod/ros2_ws/install/frob_interfaces/share/frob_interfaces/cmake/ament_cmake_export_dependencies-extras.cmake
[5.679s] -- Installing: /home/dark516/Documents/RTK_robot/Frob_gorod/ros2_ws/install/frob_interfaces/share/frob_interfaces/cmake/ament_cmake_export_include_directories-extras.cmake
[5.679s] -- Installing: /home/dark516/Documents/RTK_robot/Frob_gorod/ros2_ws/install/frob_interfaces/share/frob_interfaces/cmake/ament_cmake_export_libraries-extras.cmake
[5.679s] -- Installing: /home/dark516/Documents/RTK_robot/Frob_gorod/ros2_ws/install/frob_interfaces/share/frob_interfaces/cmake/ament_cmake_export_targets-extras.cmake
[5.679s] -- Installing: /home/dark516/Documents/RTK_robot/Frob_gorod/ros2_ws/install/frob_interfaces/share/frob_interfaces/cmake/rosidl_cmake_export_typesupport_targets-extras.cmake
[5.679s] -- Installing: /home/dark516/Documents/RTK_robot/Frob_gorod/ros2_ws/install/frob_interfaces/share/frob_interfaces/cmake/rosidl_cmake_export_typesupport_libraries-extras.cmake
[5.679s] -- Installing: /home/dark516/Documents/RTK_robot/Frob_gorod/ros2_ws/install/frob_interfaces/share/frob_interfaces/cmake/frob_interfacesConfig.cmake
[5.679s] -- Installing: /home/dark516/Documents/RTK_robot/Frob_gorod/ros2_ws/install/frob_interfaces/share/frob_interfaces/cmake/frob_interfacesConfig-version.cmake
[5.679s] -- Installing: /home/dark516/Documents/RTK_robot/Frob_gorod/ros2_ws/install/frob_interfaces/share/frob_interfaces/package.xml
[5.682s] Invoked command in '/home/dark516/Documents/RTK_robot/Frob_gorod/ros2_ws/build/frob_interfaces' returned '0': CMAKE_PREFIX_PATH=${CMAKE_PREFIX_PATH}:/opt/ros/jazzy DEBUGINFOD_URLS=https://debuginfod.ubuntu.com /usr/bin/cmake --install /home/dark516/Documents/RTK_robot/Frob_gorod/ros2_ws/build/frob_interfaces
