[0.568s] Invoking command in '/home/dark516/Documents/RTK_robot/Frob_gorod/ros2_ws/src/ros2_arduino_bridge': CMAKE_PREFIX_PATH=/home/dark516/Documents/RTK_robot/Frob_gorod/ros2_ws/install/frob_interfaces:/home/dark516/Documents/RTK_robot/Frob_gorod/ros2_ws/install/ydlidar_ros2_driver:/home/dark516/Documents/RTK_robot/Frob_gorod/ros2_ws/install/gorod_main_pkg:/opt/ros/jazzy/opt/gz_sim_vendor:/opt/ros/jazzy/opt/gz_sensors_vendor:/opt/ros/jazzy/opt/gz_physics_vendor:/opt/ros/jazzy/opt/sdformat_vendor:/opt/ros/jazzy/opt/gz_gui_vendor:/opt/ros/jazzy/opt/gz_transport_vendor:/opt/ros/jazzy/opt/gz_rendering_vendor:/opt/ros/jazzy/opt/gz_plugin_vendor:/opt/ros/jazzy/opt/gz_fuel_tools_vendor:/opt/ros/jazzy/opt/gz_msgs_vendor:/opt/ros/jazzy/opt/gz_common_vendor:/opt/ros/jazzy/opt/gz_math_vendor:/opt/ros/jazzy/opt/gz_utils_vendor:/opt/ros/jazzy/opt/gz_tools_vendor:/opt/ros/jazzy/opt/gz_ogre_next_vendor:/opt/ros/jazzy/opt/gz_dartsim_vendor:/opt/ros/jazzy/opt/gz_cmake_vendor DEBUGINFOD_URLS=https://debuginfod.ubuntu.com PYTHONPATH=/home/dark516/Documents/RTK_robot/Frob_gorod/ros2_ws/build/ros2_arduino_bridge/prefix_override:/usr/lib/python3/dist-packages/colcon_core/task/python/colcon_distutils_commands:/home/dark516/Documents/RTK_robot/Frob_gorod/ros2_ws/install/ros2_arduino_bridge/lib/python3.12/site-packages:/home/dark516/Documents/RTK_robot/Frob_gorod/ros2_ws/install/frob_interfaces/lib/python3.12/site-packages:/home/dark516/Documents/RTK_robot/Frob_gorod/ros2_ws/install/ros2_image_saver/lib/python3.12/site-packages:/home/dark516/Documents/RTK_robot/Frob_gorod/ros2_ws/install/ros2_arduino_bridge/lib/python3.12/site-packages:/home/dark516/Documents/RTK_robot/Frob_gorod/ros2_ws/install/image_processor/lib/python3.12/site-packages:/opt/ros/jazzy/lib/python3.12/site-packages /usr/bin/python3 -W ignore:setup.py install is deprecated setup.py egg_info --egg-base ../../build/ros2_arduino_bridge build --build-base /home/dark516/Documents/RTK_robot/Frob_gorod/ros2_ws/build/ros2_arduino_bridge/build install --record /home/dark516/Documents/RTK_robot/Frob_gorod/ros2_ws/build/ros2_arduino_bridge/install.log --single-version-externally-managed install_data
[0.747s] running egg_info
[0.747s] creating ../../build/ros2_arduino_bridge/ros2_arduino_bridge.egg-info
[0.759s] writing ../../build/ros2_arduino_bridge/ros2_arduino_bridge.egg-info/PKG-INFO
[0.759s] writing dependency_links to ../../build/ros2_arduino_bridge/ros2_arduino_bridge.egg-info/dependency_links.txt
[0.759s] writing entry points to ../../build/ros2_arduino_bridge/ros2_arduino_bridge.egg-info/entry_points.txt
[0.760s] writing requirements to ../../build/ros2_arduino_bridge/ros2_arduino_bridge.egg-info/requires.txt
[0.760s] writing top-level names to ../../build/ros2_arduino_bridge/ros2_arduino_bridge.egg-info/top_level.txt
[0.760s] writing manifest file '../../build/ros2_arduino_bridge/ros2_arduino_bridge.egg-info/SOURCES.txt'
[0.785s] reading manifest file '../../build/ros2_arduino_bridge/ros2_arduino_bridge.egg-info/SOURCES.txt'
[0.786s] writing manifest file '../../build/ros2_arduino_bridge/ros2_arduino_bridge.egg-info/SOURCES.txt'
[0.786s] running build
[0.786s] running build_py
[0.786s] creating /home/dark516/Documents/RTK_robot/Frob_gorod/ros2_ws/build/ros2_arduino_bridge/build/lib/ros2_arduino_bridge
[0.786s] copying ros2_arduino_bridge/arduino_bridge.py -> /home/dark516/Documents/RTK_robot/Frob_gorod/ros2_ws/build/ros2_arduino_bridge/build/lib/ros2_arduino_bridge
[0.786s] copying ros2_arduino_bridge/__init__.py -> /home/dark516/Documents/RTK_robot/Frob_gorod/ros2_ws/build/ros2_arduino_bridge/build/lib/ros2_arduino_bridge
[0.786s] copying ros2_arduino_bridge/connection.py -> /home/dark516/Documents/RTK_robot/Frob_gorod/ros2_ws/build/ros2_arduino_bridge/build/lib/ros2_arduino_bridge
[0.787s] running install
[0.790s] running install_lib
[0.802s] creating /home/dark516/Documents/RTK_robot/Frob_gorod/ros2_ws/install/ros2_arduino_bridge/lib/python3.12/site-packages/ros2_arduino_bridge
[0.803s] copying /home/dark516/Documents/RTK_robot/Frob_gorod/ros2_ws/build/ros2_arduino_bridge/build/lib/ros2_arduino_bridge/arduino_bridge.py -> /home/dark516/Documents/RTK_robot/Frob_gorod/ros2_ws/install/ros2_arduino_bridge/lib/python3.12/site-packages/ros2_arduino_bridge
[0.803s] copying /home/dark516/Documents/RTK_robot/Frob_gorod/ros2_ws/build/ros2_arduino_bridge/build/lib/ros2_arduino_bridge/__init__.py -> /home/dark516/Documents/RTK_robot/Frob_gorod/ros2_ws/install/ros2_arduino_bridge/lib/python3.12/site-packages/ros2_arduino_bridge
[0.803s] copying /home/dark516/Documents/RTK_robot/Frob_gorod/ros2_ws/build/ros2_arduino_bridge/build/lib/ros2_arduino_bridge/connection.py -> /home/dark516/Documents/RTK_robot/Frob_gorod/ros2_ws/install/ros2_arduino_bridge/lib/python3.12/site-packages/ros2_arduino_bridge
[0.803s] byte-compiling /home/dark516/Documents/RTK_robot/Frob_gorod/ros2_ws/install/ros2_arduino_bridge/lib/python3.12/site-packages/ros2_arduino_bridge/arduino_bridge.py to arduino_bridge.cpython-312.pyc
[0.803s] byte-compiling /home/dark516/Documents/RTK_robot/Frob_gorod/ros2_ws/install/ros2_arduino_bridge/lib/python3.12/site-packages/ros2_arduino_bridge/__init__.py to __init__.cpython-312.pyc
[0.804s] byte-compiling /home/dark516/Documents/RTK_robot/Frob_gorod/ros2_ws/install/ros2_arduino_bridge/lib/python3.12/site-packages/ros2_arduino_bridge/connection.py to connection.cpython-312.pyc
[0.804s] running install_data
[0.804s] creating /home/dark516/Documents/RTK_robot/Frob_gorod/ros2_ws/install/ros2_arduino_bridge/share/ament_index/resource_index/packages
[0.804s] copying resource/ros2_arduino_bridge -> /home/dark516/Documents/RTK_robot/Frob_gorod/ros2_ws/install/ros2_arduino_bridge/share/ament_index/resource_index/packages
[0.805s] copying package.xml -> /home/dark516/Documents/RTK_robot/Frob_gorod/ros2_ws/install/ros2_arduino_bridge/share/ros2_arduino_bridge
[0.805s] running install_egg_info
[0.818s] Copying ../../build/ros2_arduino_bridge/ros2_arduino_bridge.egg-info to /home/dark516/Documents/RTK_robot/Frob_gorod/ros2_ws/install/ros2_arduino_bridge/lib/python3.12/site-packages/ros2_arduino_bridge-0.0.0-py3.12.egg-info
[0.819s] running install_scripts
[0.899s] Installing arduino_bridge script to /home/dark516/Documents/RTK_robot/Frob_gorod/ros2_ws/install/ros2_arduino_bridge/lib/ros2_arduino_bridge
[0.900s] writing list of installed files to '/home/dark516/Documents/RTK_robot/Frob_gorod/ros2_ws/build/ros2_arduino_bridge/install.log'
[0.920s] Invoked command in '/home/dark516/Documents/RTK_robot/Frob_gorod/ros2_ws/src/ros2_arduino_bridge' returned '0': CMAKE_PREFIX_PATH=/home/dark516/Documents/RTK_robot/Frob_gorod/ros2_ws/install/frob_interfaces:/home/dark516/Documents/RTK_robot/Frob_gorod/ros2_ws/install/ydlidar_ros2_driver:/home/dark516/Documents/RTK_robot/Frob_gorod/ros2_ws/install/gorod_main_pkg:/opt/ros/jazzy/opt/gz_sim_vendor:/opt/ros/jazzy/opt/gz_sensors_vendor:/opt/ros/jazzy/opt/gz_physics_vendor:/opt/ros/jazzy/opt/sdformat_vendor:/opt/ros/jazzy/opt/gz_gui_vendor:/opt/ros/jazzy/opt/gz_transport_vendor:/opt/ros/jazzy/opt/gz_rendering_vendor:/opt/ros/jazzy/opt/gz_plugin_vendor:/opt/ros/jazzy/opt/gz_fuel_tools_vendor:/opt/ros/jazzy/opt/gz_msgs_vendor:/opt/ros/jazzy/opt/gz_common_vendor:/opt/ros/jazzy/opt/gz_math_vendor:/opt/ros/jazzy/opt/gz_utils_vendor:/opt/ros/jazzy/opt/gz_tools_vendor:/opt/ros/jazzy/opt/gz_ogre_next_vendor:/opt/ros/jazzy/opt/gz_dartsim_vendor:/opt/ros/jazzy/opt/gz_cmake_vendor DEBUGINFOD_URLS=https://debuginfod.ubuntu.com PYTHONPATH=/home/dark516/Documents/RTK_robot/Frob_gorod/ros2_ws/build/ros2_arduino_bridge/prefix_override:/usr/lib/python3/dist-packages/colcon_core/task/python/colcon_distutils_commands:/home/dark516/Documents/RTK_robot/Frob_gorod/ros2_ws/install/ros2_arduino_bridge/lib/python3.12/site-packages:/home/dark516/Documents/RTK_robot/Frob_gorod/ros2_ws/install/frob_interfaces/lib/python3.12/site-packages:/home/dark516/Documents/RTK_robot/Frob_gorod/ros2_ws/install/ros2_image_saver/lib/python3.12/site-packages:/home/dark516/Documents/RTK_robot/Frob_gorod/ros2_ws/install/ros2_arduino_bridge/lib/python3.12/site-packages:/home/dark516/Documents/RTK_robot/Frob_gorod/ros2_ws/install/image_processor/lib/python3.12/site-packages:/opt/ros/jazzy/lib/python3.12/site-packages /usr/bin/python3 -W ignore:setup.py install is deprecated setup.py egg_info --egg-base ../../build/ros2_arduino_bridge build --build-base /home/dark516/Documents/RTK_robot/Frob_gorod/ros2_ws/build/ros2_arduino_bridge/build install --record /home/dark516/Documents/RTK_robot/Frob_gorod/ros2_ws/build/ros2_arduino_bridge/install.log --single-version-externally-managed install_data
